Mar 30 15:37:10 nixos systemd[1]: Starting Display Manager...
Mar 30 15:37:10 nixos systemd[1]: Started Display Manager.
Mar 30 15:37:10 nixos sddm[896]: Initializing...
Mar 30 15:37:10 nixos sddm[896]: Starting...
Mar 30 15:37:10 nixos sddm[896]: Logind interface found
Mar 30 15:37:10 nixos sddm[896]: Adding new display...
Mar 30 15:37:10 nixos sddm[896]: Loaded empty theme configuration
Mar 30 15:37:10 nixos sddm[896]: Xauthority path: "/run/sddm/xauth_jggtot"
Mar 30 15:37:10 nixos sddm[896]: Using VT 2
Mar 30 15:37:10 nixos sddm[896]: Display server starting...
Mar 30 15:37:10 nixos sddm[896]: Writing cookie to "/run/sddm/xauth_jggtot"
Mar 30 15:37:10 nixos sddm[896]: Running: /nix/store/cfz0r2r8mzylpk9jdwh1qrflhxrx3wqn-xserver-wrapper -nolisten tcp -background none -seat seat0 vt2 -auth /run/sddm/xauth_jggtot -noreset -displayfd 16
Mar 30 15:37:11 nixos xserver-wrapper[898]: X.Org X Server 1.21.1.21
Mar 30 15:37:11 nixos xserver-wrapper[898]: X Protocol Version 11, Revision 0
Mar 30 15:37:11 nixos xserver-wrapper[898]: Current Operating System: Linux nixos 6.12.76 #1-NixOS SMP PREEMPT_DYNAMIC Thu Mar  5 15:04:32 UTC 2026 x86_64
Mar 30 15:37:11 nixos xserver-wrapper[898]: Kernel command line: initrd=\EFI\nixos\nqhjh56qqszxc6qy5y87ma289xfc81lr-initrd-linux-6.12.76-initrd.efi init=/nix/store/zxfla1xakkkqniqm9qf3rv1f7b63dmbm-nixos-system-nixos-25.11.7421.0590cd39f728/init loglevel=4 lsm=landlock,yama,bpf
Mar 30 15:37:11 nixos xserver-wrapper[898]:  
Mar 30 15:37:11 nixos xserver-wrapper[898]: Current version of pixman: 0.46.4
Mar 30 15:37:11 nixos xserver-wrapper[898]:         Before reporting problems, check http://wiki.x.org
Mar 30 15:37:11 nixos xserver-wrapper[898]:         to make sure that you have the latest version.
Mar 30 15:37:11 nixos xserver-wrapper[898]: Markers: (--) probed, (**) from config file, (==) default setting,
Mar 30 15:37:11 nixos xserver-wrapper[898]:         (++) from command line, (!!) notice, (II) informational,
Mar 30 15:37:11 nixos xserver-wrapper[898]:         (WW) warning, (EE) error, (NI) not implemented, (??) unknown.
Mar 30 15:37:11 nixos xserver-wrapper[898]: (++) Log file: "/dev/null", Time: Mon Mar 30 15:37:11 2026
Mar 30 15:37:11 nixos xserver-wrapper[898]: (++) Using config file: "/nix/store/6jjwihs32nv3j04kp7w5mii0v8y75hrl-xserver.conf"
Mar 30 15:37:11 nixos xserver-wrapper[898]: (==) Using config directory: "/etc/X11/xorg.conf.d"
Mar 30 15:37:11 nixos xserver-wrapper[898]: (==) Using system config directory "/nix/store/hjr6qsmgdsiyikaxszmp6qgpxp9xkd2a-xorg-server-21.1.21/share/X11/xorg.conf.d"
Mar 30 15:37:11 nixos xserver-wrapper[898]: (==) ServerLayout "Layout[all]"
Mar 30 15:37:11 nixos xserver-wrapper[898]: (**) |-->Screen "Screen-modesetting[0]" (0)
Mar 30 15:37:11 nixos xserver-wrapper[898]: (**) |   |-->Monitor "<default monitor>"
Mar 30 15:37:11 nixos xserver-wrapper[898]: (**) |   |-->Device "Device-modesetting[0]"
Mar 30 15:37:11 nixos xserver-wrapper[898]: (==) No monitor specified for screen "Screen-modesetting[0]".
Mar 30 15:37:11 nixos xserver-wrapper[898]:         Using a default monitor configuration.
Mar 30 15:37:11 nixos xserver-wrapper[898]: (**) |-->Screen "Screen-fbdev[0]" (1)
Mar 30 15:37:11 nixos xserver-wrapper[898]: (**) |   |-->Monitor "<default monitor>"
Mar 30 15:37:11 nixos xserver-wrapper[898]: (**) |   |-->Device "Device-fbdev[0]"
Mar 30 15:37:11 nixos xserver-wrapper[898]: (==) No monitor specified for screen "Screen-fbdev[0]".
Mar 30 15:37:11 nixos xserver-wrapper[898]:         Using a default monitor configuration.
Mar 30 15:37:11 nixos xserver-wrapper[898]: (**) Option "DontZap" "on"
Mar 30 15:37:11 nixos xserver-wrapper[898]: (**) Option "AllowMouseOpenFail" "on"
Mar 30 15:37:11 nixos xserver-wrapper[898]: (**) Allowing byte-swapped clients
Mar 30 15:37:11 nixos xserver-wrapper[898]: (==) Automatically adding devices
Mar 30 15:37:11 nixos xserver-wrapper[898]: (==) Automatically enabling devices
Mar 30 15:37:11 nixos xserver-wrapper[898]: (==) Automatically adding GPU devices
Mar 30 15:37:11 nixos xserver-wrapper[898]: (==) Automatically binding GPU devices
Mar 30 15:37:11 nixos xserver-wrapper[898]: (==) Max clients allowed: 256, resource mask: 0x1fffff
Mar 30 15:37:11 nixos xserver-wrapper[898]: (**) FontPath set to:
Mar 30 15:37:11 nixos xserver-wrapper[898]:         /nix/store/hrfmsvgm8vkc12f2zw2270a3vaqriviy-font-cursor-misc-1.0.4/share/fonts/X11/misc,
Mar 30 15:37:11 nixos xserver-wrapper[898]:         /nix/store/zynpm3qkcr9g1c9083k5ihs5rqv5jlpy-font-misc-misc-1.1.3/share/fonts/X11/misc,
Mar 30 15:37:11 nixos xserver-wrapper[898]:         /nix/store/4p1hrdqsixfnzd2j6v6cqwmyy0sk7ah3-unifont-16.0.03/share/fonts,
Mar 30 15:37:11 nixos xserver-wrapper[898]:         /nix/store/rhv8h7i8xkarm61hqvg3z7z1sm0309w5-font-adobe-100dpi-1.0.4/share/fonts/X11/100dpi,
Mar 30 15:37:11 nixos xserver-wrapper[898]:         /nix/store/khnj4wcmgnyjf6v1pilya8hrg2kfq68i-font-adobe-75dpi-1.0.4/share/fonts/X11/75dpi
Mar 30 15:37:11 nixos xserver-wrapper[898]: (**) ModulePath set to "/nix/store/55ll8qnly8rm00vvpf60drrm44l1k8pb-xf86-video-fbdev-0.5.1/lib/xorg/modules,/nix/store/hjr6qsmgdsiyikaxszmp6qgpxp9xkd2a-xorg-server-21.1.21/lib/xorg/modules,/nix/store/gc7c6q59s3h6frzsgnfqmp7cmcplsxfs-xf86-input-evdev-2.11.0/lib/xorg/modules,/nix/store/fqgj6lg7z4k2jskl51bmx9gl674p9iml-xf86-input-libinput-1.5.0/lib/xorg/modules"
Mar 30 15:37:11 nixos xserver-wrapper[898]: (II) The server relies on udev to provide the list of input devices.
Mar 30 15:37:11 nixos xserver-wrapper[898]:         If no devices become available, reconfigure udev or disable AutoAddDevices.
Mar 30 15:37:11 nixos xserver-wrapper[898]: (II) Loader magic: 0x555d65be2e60
Mar 30 15:37:11 nixos xserver-wrapper[898]: (II) Module ABI versions:
Mar 30 15:37:11 nixos xserver-wrapper[898]:         X.Org ANSI C Emulation: 0.4
Mar 30 15:37:11 nixos xserver-wrapper[898]:         X.Org Video Driver: 25.2
Mar 30 15:37:11 nixos xserver-wrapper[898]:         X.Org XInput driver : 24.4
Mar 30 15:37:11 nixos xserver-wrapper[898]:         X.Org Server Extension : 10.0
Mar 30 15:37:11 nixos xserver-wrapper[898]: (++) using VT number 2
Mar 30 15:37:11 nixos xserver-wrapper[898]: (II) systemd-logind: logind integration requires -keeptty and -keeptty was not provided, disabling logind integration
Mar 30 15:37:11 nixos xserver-wrapper[898]: (II) xfree86: Adding drm device (/dev/dri/card1)
Mar 30 15:37:11 nixos xserver-wrapper[898]: (II) Platform probe for /sys/devices/pci0000:00/0000:00:02.0/drm/card1
Mar 30 15:37:11 nixos xserver-wrapper[898]: (--) PCI:*(0@0:2:0) 8086:1616:17aa:5036 rev 9, Mem @ 0xf0000000/16777216, 0xe0000000/268435456, I/O @ 0x00003000/64, BIOS @ 0x????????/131072
Mar 30 15:37:11 nixos xserver-wrapper[898]: (WW) Open ACPI failed (/var/run/acpid.socket) (No such file or directory)
Mar 30 15:37:11 nixos xserver-wrapper[898]: (II) "glx" will be loaded by default.
Mar 30 15:37:11 nixos xserver-wrapper[898]: (II) LoadModule: "glx"
Mar 30 15:37:11 nixos xserver-wrapper[898]: (II) Loading /nix/store/hjr6qsmgdsiyikaxszmp6qgpxp9xkd2a-xorg-server-21.1.21/lib/xorg/modules/extensions/libglx.so
Mar 30 15:37:11 nixos xserver-wrapper[898]: (II) Module glx: vendor="X.Org Foundation"
Mar 30 15:37:11 nixos xserver-wrapper[898]:         compiled for 1.21.1.21, module version = 1.0.0
Mar 30 15:37:11 nixos xserver-wrapper[898]:         ABI class: X.Org Server Extension, version 10.0
Mar 30 15:37:11 nixos xserver-wrapper[898]: (II) LoadModule: "modesetting"
Mar 30 15:37:11 nixos xserver-wrapper[898]: (II) Loading /nix/store/hjr6qsmgdsiyikaxszmp6qgpxp9xkd2a-xorg-server-21.1.21/lib/xorg/modules/drivers/modesetting_drv.so
Mar 30 15:37:11 nixos xserver-wrapper[898]: (II) Module modesetting: vendor="X.Org Foundation"
Mar 30 15:37:11 nixos xserver-wrapper[898]:         compiled for 1.21.1.21, module version = 1.21.1
Mar 30 15:37:11 nixos xserver-wrapper[898]:         Module class: X.Org Video Driver
Mar 30 15:37:11 nixos xserver-wrapper[898]:         ABI class: X.Org Video Driver, version 25.2
Mar 30 15:37:11 nixos xserver-wrapper[898]: (II) LoadModule: "fbdev"
Mar 30 15:37:11 nixos xserver-wrapper[898]: (II) Loading /nix/store/55ll8qnly8rm00vvpf60drrm44l1k8pb-xf86-video-fbdev-0.5.1/lib/xorg/modules/drivers/fbdev_drv.so
Mar 30 15:37:11 nixos xserver-wrapper[898]: (II) Module fbdev: vendor="X.Org Foundation"
Mar 30 15:37:11 nixos xserver-wrapper[898]:         compiled for 1.21.1.21, module version = 0.5.1
Mar 30 15:37:11 nixos xserver-wrapper[898]:         Module class: X.Org Video Driver
Mar 30 15:37:11 nixos xserver-wrapper[898]:         ABI class: X.Org Video Driver, version 25.2
Mar 30 15:37:11 nixos xserver-wrapper[898]: (II) modesetting: Driver for Modesetting Kernel Drivers: kms
Mar 30 15:37:11 nixos xserver-wrapper[898]: (II) FBDEV: driver for framebuffer: fbdev
Mar 30 15:37:11 nixos xserver-wrapper[898]: (II) modeset(0): using drv /dev/dri/card1
Mar 30 15:37:11 nixos xserver-wrapper[898]: (WW) Falling back to old probe method for fbdev
Mar 30 15:37:11 nixos xserver-wrapper[898]: (II) Loading sub module "fbdevhw"
Mar 30 15:37:11 nixos xserver-wrapper[898]: (II) LoadModule: "fbdevhw"
Mar 30 15:37:11 nixos xserver-wrapper[898]: (II) Loading /nix/store/hjr6qsmgdsiyikaxszmp6qgpxp9xkd2a-xorg-server-21.1.21/lib/xorg/modules/libfbdevhw.so
Mar 30 15:37:11 nixos xserver-wrapper[898]: (II) Module fbdevhw: vendor="X.Org Foundation"
Mar 30 15:37:11 nixos xserver-wrapper[898]:         compiled for 1.21.1.21, module version = 0.0.2
Mar 30 15:37:11 nixos xserver-wrapper[898]:         ABI class: X.Org Video Driver, version 25.2
Mar 30 15:37:11 nixos xserver-wrapper[898]: (II) modeset(0): Creating default Display subsection in Screen section
Mar 30 15:37:11 nixos xserver-wrapper[898]:         "Screen-modesetting[0]" for depth/fbbpp 24/32
Mar 30 15:37:11 nixos xserver-wrapper[898]: (==) modeset(0): Depth 24, (==) framebuffer bpp 32
Mar 30 15:37:11 nixos xserver-wrapper[898]: (==) modeset(0): RGB weight 888
Mar 30 15:37:11 nixos xserver-wrapper[898]: (==) modeset(0): Default visual is TrueColor
Mar 30 15:37:11 nixos xserver-wrapper[898]: (II) Loading sub module "glamoregl"
Mar 30 15:37:11 nixos xserver-wrapper[898]: (II) LoadModule: "glamoregl"
Mar 30 15:37:11 nixos xserver-wrapper[898]: (II) Loading /nix/store/hjr6qsmgdsiyikaxszmp6qgpxp9xkd2a-xorg-server-21.1.21/lib/xorg/modules/libglamoregl.so
Mar 30 15:37:11 nixos xserver-wrapper[898]: (II) Module glamoregl: vendor="X.Org Foundation"
Mar 30 15:37:11 nixos xserver-wrapper[898]:         compiled for 1.21.1.21, module version = 1.0.1
Mar 30 15:37:11 nixos xserver-wrapper[898]:         ABI class: X.Org ANSI C Emulation, version 0.4
Mar 30 15:37:11 nixos xserver-wrapper[898]: (II) modeset(0): glamor: Using OpenGL 4.6 context.
Mar 30 15:37:11 nixos xserver-wrapper[898]: (II) modeset(0): glamor X acceleration enabled on Mesa Intel(R) HD Graphics 5500 (BDW GT2)
Mar 30 15:37:11 nixos xserver-wrapper[898]: (II) modeset(0): glamor initialized
Mar 30 15:37:11 nixos xserver-wrapper[898]: (==) modeset(0): VariableRefresh: disabled
Mar 30 15:37:11 nixos xserver-wrapper[898]: (==) modeset(0): AsyncFlipSecondaries: disabled
Mar 30 15:37:11 nixos xserver-wrapper[898]: (II) modeset(0): Output eDP-1 has no monitor section
Mar 30 15:37:11 nixos xserver-wrapper[898]: (II) modeset(0): Output DP-1 has no monitor section
Mar 30 15:37:11 nixos xserver-wrapper[898]: (II) modeset(0): Output HDMI-1 has no monitor section
Mar 30 15:37:11 nixos xserver-wrapper[898]: (II) modeset(0): Output DP-2 has no monitor section
Mar 30 15:37:11 nixos xserver-wrapper[898]: (II) modeset(0): Output HDMI-2 has no monitor section
Mar 30 15:37:11 nixos xserver-wrapper[898]: (II) modeset(0): EDID for output eDP-1
Mar 30 15:37:11 nixos xserver-wrapper[898]: (II) modeset(0): Manufacturer: AUO  Model: 2d3c  Serial#: 0
Mar 30 15:37:11 nixos xserver-wrapper[898]: (II) modeset(0): Year: 2013  Week: 0
Mar 30 15:37:11 nixos xserver-wrapper[898]: (II) modeset(0): EDID Version: 1.4
Mar 30 15:37:11 nixos xserver-wrapper[898]: (II) modeset(0): Digital Display Input
Mar 30 15:37:11 nixos xserver-wrapper[898]: (II) modeset(0): 6 bits per channel
Mar 30 15:37:11 nixos xserver-wrapper[898]: (II) modeset(0): Digital interface is DisplayPort
Mar 30 15:37:11 nixos xserver-wrapper[898]: (II) modeset(0): Max Image Size [cm]: horiz.: 31  vert.: 17
Mar 30 15:37:11 nixos xserver-wrapper[898]: (II) modeset(0): Gamma: 2.20
Mar 30 15:37:11 nixos xserver-wrapper[898]: (II) modeset(0): No DPMS capabilities specified
Mar 30 15:37:11 nixos xserver-wrapper[898]: (II) modeset(0): Supported color encodings: RGB 4:4:4
Mar 30 15:37:11 nixos xserver-wrapper[898]: (II) modeset(0): First detailed timing is preferred mode
Mar 30 15:37:11 nixos xserver-wrapper[898]: (II) modeset(0): Preferred mode is native pixel format and refresh rate
Mar 30 15:37:11 nixos xserver-wrapper[898]: (II) modeset(0): redX: 0.580 redY: 0.335   greenX: 0.330 greenY: 0.565
Mar 30 15:37:11 nixos xserver-wrapper[898]: (II) modeset(0): blueX: 0.155 blueY: 0.140   whiteX: 0.313 whiteY: 0.329
Mar 30 15:37:11 nixos xserver-wrapper[898]: (II) modeset(0): Manufacturer's mask: 0
Mar 30 15:37:11 nixos xserver-wrapper[898]: (II) modeset(0): Supported detailed timing:
Mar 30 15:37:11 nixos xserver-wrapper[898]: (II) modeset(0): clock: 76.6 MHz   Image Size:  309 x 173 mm
Mar 30 15:37:11 nixos xserver-wrapper[898]: (II) modeset(0): h_active: 1366  h_sync: 1404  h_sync_end 1426 h_blank_end 1598 h_border: 0
Mar 30 15:37:11 nixos xserver-wrapper[898]: (II) modeset(0): v_active: 768  v_sync: 771  v_sync_end 777 v_blanking: 798 v_border: 0
Mar 30 15:37:11 nixos xserver-wrapper[898]: (II) modeset(0): Unknown vendor-specific block f
Mar 30 15:37:11 nixos xserver-wrapper[898]: (II) modeset(0):  AUO
Mar 30 15:37:11 nixos xserver-wrapper[898]: (II) modeset(0):  B140XTN02.D
Mar 30 15:37:11 nixos xserver-wrapper[898]: (II) modeset(0): EDID (in hex):
Mar 30 15:37:11 nixos xserver-wrapper[898]: (II) modeset(0):         00ffffffffffff0006af3c2d00000000
Mar 30 15:37:11 nixos xserver-wrapper[898]: (II) modeset(0):         00170104951f117802bbf59455549027
Mar 30 15:37:11 nixos xserver-wrapper[898]: (II) modeset(0):         23505400000001010101010101010101
Mar 30 15:37:11 nixos xserver-wrapper[898]: (II) modeset(0):         010101010101ec1d56e850001e302616
Mar 30 15:37:11 nixos xserver-wrapper[898]: (II) modeset(0):         360035ad100000180000000f00000000
Mar 30 15:37:11 nixos xserver-wrapper[898]: (II) modeset(0):         00000000000000000020000000fe0041
Mar 30 15:37:11 nixos xserver-wrapper[898]: (II) modeset(0):         554f0a202020202020202020000000fe
Mar 30 15:37:11 nixos xserver-wrapper[898]: (II) modeset(0):         004231343058544e30322e44200a00a8
Mar 30 15:37:11 nixos xserver-wrapper[898]: (II) modeset(0): Printing probed modes for output eDP-1
Mar 30 15:37:11 nixos xserver-wrapper[898]: (II) modeset(0): Modeline "1366x768"x60.1   76.60  1366 1404 1426 1598  768 771 777 798 -hsync -vsync (47.9 kHz eP)
Mar 30 15:37:11 nixos xserver-wrapper[898]: (II) modeset(0): Modeline "1280x720"x120.0  156.12  1280 1376 1512 1744  720 721 724 746 doublescan -hsync +vsync (89.5 kHz d)
Mar 30 15:37:11 nixos xserver-wrapper[898]: (II) modeset(0): Modeline "1280x720"x120.0  120.75  1280 1304 1320 1360  720 721 724 740 doublescan +hsync -vsync (88.8 kHz d)
Mar 30 15:37:11 nixos xserver-wrapper[898]: (II) modeset(0): Modeline "1280x720"x59.9   74.50  1280 1344 1472 1664  720 723 728 748 -hsync +vsync (44.8 kHz d)
Mar 30 15:37:11 nixos xserver-wrapper[898]: (II) modeset(0): Modeline "1280x720"x59.7   63.75  1280 1328 1360 1440  720 723 728 741 +hsync -vsync (44.3 kHz d)
Mar 30 15:37:11 nixos xserver-wrapper[898]: (II) modeset(0): Modeline "1024x768"x120.1  133.47  1024 1100 1212 1400  768 768 770 794 doublescan -hsync +vsync (95.3 kHz d)
Mar 30 15:37:11 nixos xserver-wrapper[898]: (II) modeset(0): Modeline "1024x768"x60.0   65.00  1024 1048 1184 1344  768 771 777 806 -hsync -vsync (48.4 kHz d)
Mar 30 15:37:11 nixos xserver-wrapper[898]: (II) modeset(0): Modeline "960x720"x120.0  117.00  960 1024 1128 1300  720 720 722 750 doublescan -hsync +vsync (90.0 kHz d)
Mar 30 15:37:11 nixos xserver-wrapper[898]: (II) modeset(0): Modeline "928x696"x120.1  109.15  928 976 1088 1264  696 696 698 719 doublescan -hsync +vsync (86.4 kHz d)
Mar 30 15:37:11 nixos xserver-wrapper[898]: (II) modeset(0): Modeline "896x672"x120.0  102.40  896 960 1060 1224  672 672 674 697 doublescan -hsync +vsync (83.7 kHz d)
Mar 30 15:37:11 nixos xserver-wrapper[898]: (II) modeset(0): Modeline "1024x576"x119.9   98.50  1024 1092 1200 1376  576 577 580 597 doublescan -hsync +vsync (71.6 kHz d)
Mar 30 15:37:11 nixos xserver-wrapper[898]: (II) modeset(0): Modeline "1024x576"x119.9   78.38  1024 1048 1064 1104  576 577 580 592 doublescan +hsync -vsync (71.0 kHz d)
Mar 30 15:37:11 nixos xserver-wrapper[898]: (II) modeset(0): Modeline "1024x576"x59.9   46.50  1024 1064 1160 1296  576 579 584 599 -hsync +vsync (35.9 kHz d)
Mar 30 15:37:11 nixos xserver-wrapper[898]: (II) modeset(0): Modeline "1024x576"x59.8   42.00  1024 1072 1104 1184  576 579 584 593 +hsync -vsync (35.5 kHz d)
Mar 30 15:37:11 nixos xserver-wrapper[898]: (II) modeset(0): Modeline "960x600"x119.9   96.62  960 1028 1128 1296  600 601 604 622 doublescan -hsync +vsync (74.6 kHz d)
Mar 30 15:37:11 nixos xserver-wrapper[898]: (II) modeset(0): Modeline "960x600"x120.0   77.00  960 984 1000 1040  600 601 604 617 doublescan +hsync -vsync (74.0 kHz d)
Mar 30 15:37:11 nixos xserver-wrapper[898]: (II) modeset(0): Modeline "960x540"x119.9   86.50  960 1024 1124 1288  540 541 544 560 doublescan -hsync +vsync (67.2 kHz d)
Mar 30 15:37:11 nixos xserver-wrapper[898]: (II) modeset(0): Modeline "960x540"x120.0   69.25  960 984 1000 1040  540 541 544 555 doublescan +hsync -vsync (66.6 kHz d)
Mar 30 15:37:11 nixos xserver-wrapper[898]: (II) modeset(0): Modeline "960x540"x59.6   40.75  960 992 1088 1216  540 543 548 562 -hsync +vsync (33.5 kHz d)
Mar 30 15:37:11 nixos xserver-wrapper[898]: (II) modeset(0): Modeline "960x540"x59.8   37.25  960 1008 1040 1120  540 543 548 556 +hsync -vsync (33.3 kHz d)
Mar 30 15:37:11 nixos xserver-wrapper[898]: (II) modeset(0): Modeline "800x600"x120.0   81.00  800 832 928 1080  600 600 602 625 doublescan +hsync +vsync (75.0 kHz d)
Mar 30 15:37:11 nixos xserver-wrapper[898]: (II) modeset(0): Modeline "800x600"x60.3   40.00  800 840 968 1056  600 601 605 628 +hsync +vsync (37.9 kHz d)
Mar 30 15:37:11 nixos xserver-wrapper[898]: (II) modeset(0): Modeline "800x600"x56.2   36.00  800 824 896 1024  600 601 603 625 +hsync +vsync (35.2 kHz d)
Mar 30 15:37:11 nixos xserver-wrapper[898]: (II) modeset(0): Modeline "840x525"x120.0   73.12  840 892 980 1120  525 526 529 544 doublescan -hsync +vsync (65.3 kHz d)
Mar 30 15:37:11 nixos xserver-wrapper[898]: (II) modeset(0): Modeline "840x525"x119.8   59.50  840 864 880 920  525 526 529 540 doublescan +hsync -vsync (64.7 kHz d)
Mar 30 15:37:11 nixos xserver-wrapper[898]: (II) modeset(0): Modeline "864x486"x59.9   32.50  864 888 968 1072  486 489 494 506 -hsync +vsync (30.3 kHz d)
Mar 30 15:37:11 nixos xserver-wrapper[898]: (II) modeset(0): Modeline "864x486"x59.6   30.50  864 912 944 1024  486 489 494 500 +hsync -vsync (29.8 kHz d)
Mar 30 15:37:11 nixos xserver-wrapper[898]: (II) modeset(0): Modeline "700x525"x120.0   61.00  700 744 820 940  525 526 532 541 doublescan +hsync +vsync (64.9 kHz d)
Mar 30 15:37:11 nixos xserver-wrapper[898]: (II) modeset(0): Modeline "800x450"x119.9   59.12  800 848 928 1056  450 451 454 467 doublescan -hsync +vsync (56.0 kHz d)
Mar 30 15:37:11 nixos xserver-wrapper[898]: (II) modeset(0): Modeline "800x450"x119.6   48.75  800 824 840 880  450 451 454 463 doublescan +hsync -vsync (55.4 kHz d)
Mar 30 15:37:11 nixos xserver-wrapper[898]: (II) modeset(0): Modeline "640x512"x120.0   54.00  640 664 720 844  512 512 514 533 doublescan +hsync +vsync (64.0 kHz d)
Mar 30 15:37:11 nixos xserver-wrapper[898]: (II) modeset(0): Modeline "700x450"x119.9   51.75  700 740 812 924  450 451 456 467 doublescan -hsync +vsync (56.0 kHz d)
Mar 30 15:37:11 nixos xserver-wrapper[898]: (II) modeset(0): Modeline "700x450"x119.8   43.25  700 724 740 780  450 451 456 463 doublescan +hsync -vsync (55.4 kHz d)
Mar 30 15:37:11 nixos xserver-wrapper[898]: (II) modeset(0): Modeline "640x480"x120.0   54.00  640 688 744 900  480 480 482 500 doublescan +hsync +vsync (60.0 kHz d)
Mar 30 15:37:11 nixos xserver-wrapper[898]: (II) modeset(0): Modeline "640x480"x59.9   25.18  640 656 752 800  480 490 492 525 -hsync -vsync (31.5 kHz d)
Mar 30 15:37:11 nixos xserver-wrapper[898]: (II) modeset(0): Modeline "720x405"x59.5   22.50  720 744 808 896  405 408 413 422 -hsync +vsync (25.1 kHz d)
Mar 30 15:37:11 nixos xserver-wrapper[898]: (II) modeset(0): Modeline "720x405"x59.0   21.75  720 768 800 880  405 408 413 419 +hsync -vsync (24.7 kHz d)
Mar 30 15:37:11 nixos xserver-wrapper[898]: (II) modeset(0): Modeline "684x384"x119.8   42.62  684 720 788 892  384 385 390 399 doublescan -hsync +vsync (47.8 kHz d)
Mar 30 15:37:11 nixos xserver-wrapper[898]: (II) modeset(0): Modeline "684x384"x119.7   36.12  684 708 724 764  384 385 390 395 doublescan +hsync -vsync (47.3 kHz d)
Mar 30 15:37:11 nixos xserver-wrapper[898]: (II) modeset(0): Modeline "640x400"x119.8   41.75  640 676 740 840  400 401 404 415 doublescan -hsync +vsync (49.7 kHz d)
Mar 30 15:37:11 nixos xserver-wrapper[898]: (II) modeset(0): Modeline "640x400"x120.0   35.50  640 664 680 720  400 401 404 411 doublescan +hsync -vsync (49.3 kHz d)
Mar 30 15:37:11 nixos xserver-wrapper[898]: (II) modeset(0): Modeline "640x360"x119.7   37.25  640 672 736 832  360 361 364 374 doublescan -hsync +vsync (44.8 kHz d)
Mar 30 15:37:11 nixos xserver-wrapper[898]: (II) modeset(0): Modeline "640x360"x119.7   31.88  640 664 680 720  360 361 364 370 doublescan +hsync -vsync (44.3 kHz d)
Mar 30 15:37:11 nixos xserver-wrapper[898]: (II) modeset(0): Modeline "640x360"x59.8   18.00  640 664 720 800  360 363 368 376 -hsync +vsync (22.5 kHz d)
Mar 30 15:37:11 nixos xserver-wrapper[898]: (II) modeset(0): Modeline "640x360"x59.3   17.75  640 688 720 800  360 363 368 374 +hsync -vsync (22.2 kHz d)
Mar 30 15:37:11 nixos xserver-wrapper[898]: (II) modeset(0): Modeline "512x384"x120.0   32.50  512 524 592 672  384 385 388 403 doublescan -hsync -vsync (48.4 kHz d)
Mar 30 15:37:11 nixos xserver-wrapper[898]: (II) modeset(0): Modeline "512x288"x120.0   23.25  512 532 580 648  288 289 292 299 doublescan -hsync +vsync (35.9 kHz d)
Mar 30 15:37:11 nixos xserver-wrapper[898]: (II) modeset(0): Modeline "512x288"x119.8   21.00  512 536 552 592  288 289 292 296 doublescan +hsync -vsync (35.5 kHz d)
Mar 30 15:37:11 nixos xserver-wrapper[898]: (II) modeset(0): Modeline "480x270"x119.3   20.38  480 496 544 608  270 271 274 281 doublescan -hsync +vsync (33.5 kHz d)
Mar 30 15:37:11 nixos xserver-wrapper[898]: (II) modeset(0): Modeline "480x270"x119.6   18.62  480 504 520 560  270 271 274 278 doublescan +hsync -vsync (33.3 kHz d)
Mar 30 15:37:11 nixos xserver-wrapper[898]: (II) modeset(0): Modeline "400x300"x120.6   20.00  400 420 484 528  300 300 302 314 doublescan +hsync +vsync (37.9 kHz d)
Mar 30 15:37:11 nixos xserver-wrapper[898]: (II) modeset(0): Modeline "400x300"x112.7   18.00  400 412 448 512  300 300 301 312 doublescan +hsync +vsync (35.2 kHz d)
Mar 30 15:37:11 nixos xserver-wrapper[898]: (II) modeset(0): Modeline "432x243"x119.8   16.25  432 444 484 536  243 244 247 253 doublescan -hsync +vsync (30.3 kHz d)
Mar 30 15:37:11 nixos xserver-wrapper[898]: (II) modeset(0): Modeline "432x243"x119.1   15.25  432 456 472 512  243 244 247 250 doublescan +hsync -vsync (29.8 kHz d)
Mar 30 15:37:11 nixos xserver-wrapper[898]: (II) modeset(0): Modeline "320x240"x120.1   12.59  320 328 376 400  240 245 246 262 doublescan -hsync -vsync (31.5 kHz d)
Mar 30 15:37:11 nixos xserver-wrapper[898]: (II) modeset(0): Modeline "360x202"x119.0   11.25  360 372 404 448  202 204 206 211 doublescan -hsync +vsync (25.1 kHz d)
Mar 30 15:37:11 nixos xserver-wrapper[898]: (II) modeset(0): Modeline "360x202"x118.3   10.88  360 384 400 440  202 204 206 209 doublescan +hsync -vsync (24.7 kHz d)
Mar 30 15:37:11 nixos xserver-wrapper[898]: (II) modeset(0): Modeline "320x180"x119.7    9.00  320 332 360 400  180 181 184 188 doublescan -hsync +vsync (22.5 kHz d)
Mar 30 15:37:11 nixos xserver-wrapper[898]: (II) modeset(0): Modeline "320x180"x118.6    8.88  320 344 360 400  180 181 184 187 doublescan +hsync -vsync (22.2 kHz d)
Mar 30 15:37:11 nixos xserver-wrapper[898]: (II) modeset(0): EDID for output DP-1
Mar 30 15:37:11 nixos xserver-wrapper[898]: (II) modeset(0): EDID for output HDMI-1
Mar 30 15:37:11 nixos xserver-wrapper[898]: (II) modeset(0): EDID for output DP-2
Mar 30 15:37:11 nixos xserver-wrapper[898]: (II) modeset(0): Manufacturer: GSM  Model: 5ab9  Serial#: 338145
Mar 30 15:37:11 nixos xserver-wrapper[898]: (II) modeset(0): Year: 2020  Week: 9
Mar 30 15:37:11 nixos xserver-wrapper[898]: (II) modeset(0): EDID Version: 1.3
Mar 30 15:37:11 nixos xserver-wrapper[898]: (II) modeset(0): Analog Display Input,  Input Voltage Level: 0.700/0.700 V
Mar 30 15:37:11 nixos xserver-wrapper[898]: (II) modeset(0): Sync:  Separate  Composite
Mar 30 15:37:11 nixos xserver-wrapper[898]: (II) modeset(0): Max Image Size [cm]: horiz.: 48  vert.: 27
Mar 30 15:37:11 nixos xserver-wrapper[898]: (II) modeset(0): Gamma: 2.20
Mar 30 15:37:11 nixos xserver-wrapper[898]: (II) modeset(0): DPMS capabilities: StandBy Suspend Off; RGB/Color Display
Mar 30 15:37:11 nixos xserver-wrapper[898]: (II) modeset(0): First detailed timing is preferred mode
Mar 30 15:37:11 nixos xserver-wrapper[898]: (II) modeset(0): redX: 0.645 redY: 0.335   greenX: 0.305 greenY: 0.630
Mar 30 15:37:11 nixos xserver-wrapper[898]: (II) modeset(0): blueX: 0.148 blueY: 0.050   whiteX: 0.313 whiteY: 0.329
Mar 30 15:37:11 nixos xserver-wrapper[898]: (II) modeset(0): Supported established timings:
Mar 30 15:37:11 nixos xserver-wrapper[898]: (II) modeset(0): 720x400@70Hz
Mar 30 15:37:11 nixos xserver-wrapper[898]: (II) modeset(0): 640x480@60Hz
Mar 30 15:37:11 nixos xserver-wrapper[898]: (II) modeset(0): 640x480@75Hz
Mar 30 15:37:11 nixos xserver-wrapper[898]: (II) modeset(0): 800x600@60Hz
Mar 30 15:37:11 nixos xserver-wrapper[898]: (II) modeset(0): 800x600@75Hz
Mar 30 15:37:11 nixos xserver-wrapper[898]: (II) modeset(0): 1024x768@60Hz
Mar 30 15:37:11 nixos xserver-wrapper[898]: (II) modeset(0): 1024x768@75Hz
Mar 30 15:37:11 nixos xserver-wrapper[898]: (II) modeset(0): 1280x1024@75Hz
Mar 30 15:37:11 nixos xserver-wrapper[898]: (II) modeset(0): Manufacturer's mask: 0
Mar 30 15:37:11 nixos xserver-wrapper[898]: (II) modeset(0): Supported standard timings:
Mar 30 15:37:11 nixos xserver-wrapper[898]: (II) modeset(0): #0: hsize: 1152  vsize 864  refresh: 75  vid: 20337
Mar 30 15:37:11 nixos xserver-wrapper[898]: (II) modeset(0): #1: hsize: 1280  vsize 1024  refresh: 60  vid: 32897
Mar 30 15:37:11 nixos xserver-wrapper[898]: (II) modeset(0): #2: hsize: 1440  vsize 900  refresh: 60  vid: 149
Mar 30 15:37:11 nixos xserver-wrapper[898]: (II) modeset(0): #3: hsize: 1680  vsize 1050  refresh: 60  vid: 179
Mar 30 15:37:11 nixos xserver-wrapper[898]: (II) modeset(0): #4: hsize: 1600  vsize 900  refresh: 60  vid: 49321
Mar 30 15:37:11 nixos xserver-wrapper[898]: (II) modeset(0): #5: hsize: 1280  vsize 800  refresh: 60  vid: 129
Mar 30 15:37:11 nixos xserver-wrapper[898]: (II) modeset(0): #6: hsize: 1280  vsize 720  refresh: 60  vid: 49281
Mar 30 15:37:11 nixos xserver-wrapper[898]: (II) modeset(0): #7: hsize: 1400  vsize 1050  refresh: 60  vid: 16528
Mar 30 15:37:11 nixos xserver-wrapper[898]: (II) modeset(0): Supported detailed timing:
Mar 30 15:37:11 nixos xserver-wrapper[898]: (II) modeset(0): clock: 148.5 MHz   Image Size:  480 x 270 mm
Mar 30 15:37:11 nixos xserver-wrapper[898]: (II) modeset(0): h_active: 1920  h_sync: 2008  h_sync_end 2052 h_blank_end 2200 h_border: 0
Mar 30 15:37:11 nixos xserver-wrapper[898]: (II) modeset(0): v_active: 1080  v_sync: 1084  v_sync_end 1089 v_blanking: 1125 v_border: 0
Mar 30 15:37:11 nixos xserver-wrapper[898]: (II) modeset(0): Ranges: V min: 56 V max: 75 Hz, H min: 30 H max: 83 kHz, PixClock max 155 MHz
Mar 30 15:37:11 nixos xserver-wrapper[898]: (II) modeset(0): Monitor name: LG FULL HD
Mar 30 15:37:11 nixos xserver-wrapper[898]: (II) modeset(0): Serial No: 009NTTQ9Y145
Mar 30 15:37:11 nixos xserver-wrapper[898]: (II) modeset(0): EDID (in hex):
Mar 30 15:37:11 nixos xserver-wrapper[898]: (II) modeset(0):         00ffffffffffff001e6db95ae1280500
Mar 30 15:37:11 nixos xserver-wrapper[898]: (II) modeset(0):         091e01036c301b78ea3135a5554ea126
Mar 30 15:37:11 nixos xserver-wrapper[898]: (II) modeset(0):         0c5054a54b00714f81809500b300a9c0
Mar 30 15:37:11 nixos xserver-wrapper[898]: (II) modeset(0):         810081c09040023a801871382d40582c
Mar 30 15:37:11 nixos xserver-wrapper[898]: (II) modeset(0):         4500e00e1100001e000000fd00384b1e
Mar 30 15:37:11 nixos xserver-wrapper[898]: (II) modeset(0):         530f000a202020202020000000fc004c
Mar 30 15:37:11 nixos xserver-wrapper[898]: (II) modeset(0):         472046554c4c2048440a2020000000ff
Mar 30 15:37:11 nixos xserver-wrapper[898]: (II) modeset(0):         003030394e54545139593134350a0076
Mar 30 15:37:11 nixos xserver-wrapper[898]: (II) modeset(0): Printing probed modes for output DP-2
Mar 30 15:37:11 nixos xserver-wrapper[898]: (II) modeset(0): Modeline "1920x1080"x60.0  148.50  1920 2008 2052 2200  1080 1084 1089 1125 +hsync +vsync (67.5 kHz eP)
Mar 30 15:37:11 nixos xserver-wrapper[898]: (II) modeset(0): Modeline "1680x1050"x60.0  146.25  1680 1784 1960 2240  1050 1053 1059 1089 -hsync +vsync (65.3 kHz e)
Mar 30 15:37:11 nixos xserver-wrapper[898]: (II) modeset(0): Modeline "1400x1050"x60.0  121.75  1400 1488 1632 1864  1050 1053 1057 1089 -hsync +vsync (65.3 kHz e)
Mar 30 15:37:11 nixos xserver-wrapper[898]: (II) modeset(0): Modeline "1600x900"x60.0  108.00  1600 1624 1704 1800  900 901 904 1000 +hsync +vsync (60.0 kHz e)
Mar 30 15:37:11 nixos xserver-wrapper[898]: (II) modeset(0): Modeline "1280x1024"x75.0  135.00  1280 1296 1440 1688  1024 1025 1028 1066 +hsync +vsync (80.0 kHz e)
Mar 30 15:37:11 nixos xserver-wrapper[898]: (II) modeset(0): Modeline "1280x1024"x60.0  108.00  1280 1328 1440 1688  1024 1025 1028 1066 +hsync +vsync (64.0 kHz e)
Mar 30 15:37:11 nixos xserver-wrapper[898]: (II) modeset(0): Modeline "1440x900"x59.9  106.50  1440 1520 1672 1904  900 903 909 934 -hsync +vsync (55.9 kHz e)
Mar 30 15:37:11 nixos xserver-wrapper[898]: (II) modeset(0): Modeline "1280x800"x59.8   83.50  1280 1352 1480 1680  800 803 809 831 -hsync +vsync (49.7 kHz e)
Mar 30 15:37:11 nixos xserver-wrapper[898]: (II) modeset(0): Modeline "1152x864"x75.0  108.00  1152 1216 1344 1600  864 865 868 900 +hsync +vsync (67.5 kHz e)
Mar 30 15:37:11 nixos xserver-wrapper[898]: (II) modeset(0): Modeline "1280x720"x60.0   74.25  1280 1390 1430 1650  720 725 730 750 +hsync +vsync (45.0 kHz e)
Mar 30 15:37:11 nixos xserver-wrapper[898]: (II) modeset(0): Modeline "1024x768"x75.0   78.75  1024 1040 1136 1312  768 769 772 800 +hsync +vsync (60.0 kHz e)
Mar 30 15:37:11 nixos xserver-wrapper[898]: (II) modeset(0): Modeline "1024x768"x60.0   65.00  1024 1048 1184 1344  768 771 777 806 -hsync -vsync (48.4 kHz e)
Mar 30 15:37:11 nixos xserver-wrapper[898]: (II) modeset(0): Modeline "800x600"x75.0   49.50  800 816 896 1056  600 601 604 625 +hsync +vsync (46.9 kHz e)
Mar 30 15:37:11 nixos xserver-wrapper[898]: (II) modeset(0): Modeline "800x600"x60.3   40.00  800 840 968 1056  600 601 605 628 +hsync +vsync (37.9 kHz e)
Mar 30 15:37:11 nixos xserver-wrapper[898]: (II) modeset(0): Modeline "640x480"x75.0   31.50  640 656 720 840  480 481 484 500 -hsync -vsync (37.5 kHz e)
Mar 30 15:37:11 nixos xserver-wrapper[898]: (II) modeset(0): Modeline "640x480"x59.9   25.18  640 656 752 800  480 490 492 525 -hsync -vsync (31.5 kHz e)
Mar 30 15:37:11 nixos xserver-wrapper[898]: (II) modeset(0): Modeline "720x400"x70.1   28.32  720 738 846 900  400 412 414 449 -hsync +vsync (31.5 kHz e)
Mar 30 15:37:11 nixos xserver-wrapper[898]: (II) modeset(0): EDID for output HDMI-2
Mar 30 15:37:11 nixos xserver-wrapper[898]: (II) modeset(0): Output eDP-1 connected
Mar 30 15:37:11 nixos xserver-wrapper[898]: (II) modeset(0): Output DP-1 disconnected
Mar 30 15:37:11 nixos xserver-wrapper[898]: (II) modeset(0): Output HDMI-1 disconnected
Mar 30 15:37:11 nixos xserver-wrapper[898]: (II) modeset(0): Output DP-2 connected
Mar 30 15:37:11 nixos xserver-wrapper[898]: (II) modeset(0): Output HDMI-2 disconnected
Mar 30 15:37:11 nixos xserver-wrapper[898]: (II) modeset(0): Using spanning desktop for initial modes
Mar 30 15:37:11 nixos xserver-wrapper[898]: (II) modeset(0): Output eDP-1 using initial mode 1366x768 +0+0
Mar 30 15:37:11 nixos xserver-wrapper[898]: (II) modeset(0): Output DP-2 using initial mode 1920x1080 +1366+0
Mar 30 15:37:11 nixos xserver-wrapper[898]: (==) modeset(0): Using gamma correction (1.0, 1.0, 1.0)
Mar 30 15:37:11 nixos xserver-wrapper[898]: (==) modeset(0): DPI set to (96, 96)
Mar 30 15:37:11 nixos xserver-wrapper[898]: (II) Loading sub module "fb"
Mar 30 15:37:11 nixos xserver-wrapper[898]: (II) LoadModule: "fb"
Mar 30 15:37:11 nixos xserver-wrapper[898]: (II) Module "fb" already built-in
Mar 30 15:37:11 nixos xserver-wrapper[898]: (II) UnloadModule: "fbdev"
Mar 30 15:37:11 nixos xserver-wrapper[898]: (II) Unloading fbdev
Mar 30 15:37:11 nixos xserver-wrapper[898]: (II) UnloadSubModule: "fbdevhw"
Mar 30 15:37:11 nixos xserver-wrapper[898]: (II) Unloading fbdevhw
Mar 30 15:37:11 nixos xserver-wrapper[898]: (==) modeset(0): Backing store enabled
Mar 30 15:37:11 nixos xserver-wrapper[898]: (==) modeset(0): Silken mouse enabled
Mar 30 15:37:11 nixos xserver-wrapper[898]: (II) modeset(0): Initializing kms color map for depth 24, 8 bpc.
Mar 30 15:37:11 nixos xserver-wrapper[898]: (==) modeset(0): DPMS enabled
Mar 30 15:37:11 nixos xserver-wrapper[898]: (II) modeset(0): [DRI2] Setup complete
Mar 30 15:37:11 nixos xserver-wrapper[898]: (II) modeset(0): [DRI2]   DRI driver: iris
Mar 30 15:37:11 nixos xserver-wrapper[898]: (II) modeset(0): [DRI2]   VDPAU driver: va_gl
Mar 30 15:37:11 nixos xserver-wrapper[898]: (II) Initializing extension Generic Event Extension
Mar 30 15:37:11 nixos xserver-wrapper[898]: (II) Initializing extension SHAPE
Mar 30 15:37:11 nixos xserver-wrapper[898]: (II) Initializing extension MIT-SHM
Mar 30 15:37:11 nixos xserver-wrapper[898]: (II) Initializing extension XInputExtension
Mar 30 15:37:11 nixos xserver-wrapper[898]: (II) Initializing extension XTEST
Mar 30 15:37:11 nixos xserver-wrapper[898]: (II) Initializing extension BIG-REQUESTS
Mar 30 15:37:11 nixos xserver-wrapper[898]: (II) Initializing extension SYNC
Mar 30 15:37:11 nixos xserver-wrapper[898]: (II) Initializing extension XKEYBOARD
Mar 30 15:37:11 nixos xserver-wrapper[898]: (II) Initializing extension XC-MISC
Mar 30 15:37:11 nixos xserver-wrapper[898]: (II) Initializing extension SECURITY
Mar 30 15:37:11 nixos xserver-wrapper[898]: (II) Initializing extension XFIXES
Mar 30 15:37:11 nixos xserver-wrapper[898]: (II) Initializing extension RENDER
Mar 30 15:37:11 nixos xserver-wrapper[898]: (II) Initializing extension RANDR
Mar 30 15:37:11 nixos xserver-wrapper[898]: (II) Initializing extension COMPOSITE
Mar 30 15:37:11 nixos xserver-wrapper[898]: (II) Initializing extension DAMAGE
Mar 30 15:37:11 nixos xserver-wrapper[898]: (II) Initializing extension MIT-SCREEN-SAVER
Mar 30 15:37:11 nixos xserver-wrapper[898]: (II) Initializing extension DOUBLE-BUFFER
Mar 30 15:37:11 nixos xserver-wrapper[898]: (II) Initializing extension RECORD
Mar 30 15:37:11 nixos xserver-wrapper[898]: (II) Initializing extension DPMS
Mar 30 15:37:11 nixos xserver-wrapper[898]: (II) Initializing extension Present
Mar 30 15:37:11 nixos xserver-wrapper[898]: (II) Initializing extension DRI3
Mar 30 15:37:11 nixos xserver-wrapper[898]: (II) Initializing extension X-Resource
Mar 30 15:37:11 nixos xserver-wrapper[898]: (II) Initializing extension XVideo
Mar 30 15:37:11 nixos xserver-wrapper[898]: (II) Initializing extension XVideo-MotionCompensation
Mar 30 15:37:11 nixos xserver-wrapper[898]: (II) Initializing extension GLX
Mar 30 15:37:11 nixos xserver-wrapper[898]: (II) AIGLX: Loaded and initialized iris
Mar 30 15:37:11 nixos xserver-wrapper[898]: (II) GLX: Initialized DRI2 GL provider for screen 0
Mar 30 15:37:11 nixos xserver-wrapper[898]: (II) Initializing extension XFree86-VidModeExtension
Mar 30 15:37:11 nixos xserver-wrapper[898]: (II) Initializing extension XFree86-DGA
Mar 30 15:37:11 nixos xserver-wrapper[898]: (II) Initializing extension XFree86-DRI
Mar 30 15:37:11 nixos xserver-wrapper[898]: (II) Initializing extension DRI2
Mar 30 15:37:11 nixos xserver-wrapper[898]: (II) modeset(0): Damage tracking initialized
Mar 30 15:37:11 nixos xserver-wrapper[898]: (II) modeset(0): Setting screen physical size to 869 x 285
Mar 30 15:37:11 nixos xserver-wrapper[905]: The XKEYBOARD keymap compiler (xkbcomp) reports:
Mar 30 15:37:11 nixos xserver-wrapper[905]: > Warning:          Could not resolve keysym XF86OK
Mar 30 15:37:11 nixos xserver-wrapper[905]: > Warning:          Could not resolve keysym XF86GoTo
Mar 30 15:37:11 nixos xserver-wrapper[905]: > Warning:          Could not resolve keysym XF86VendorLogo
Mar 30 15:37:11 nixos xserver-wrapper[905]: > Warning:          Could not resolve keysym XF86MediaSelectProgramGuide
Mar 30 15:37:11 nixos xserver-wrapper[905]: > Warning:          Could not resolve keysym XF86MediaSelectProgramGuide
Mar 30 15:37:11 nixos xserver-wrapper[905]: > Warning:          Could not resolve keysym XF86MediaSelectHome
Mar 30 15:37:11 nixos xserver-wrapper[905]: > Warning:          Could not resolve keysym XF86MediaLanguageMenu
Mar 30 15:37:11 nixos xserver-wrapper[905]: > Warning:          Could not resolve keysym XF86MediaTitleMenu
Mar 30 15:37:11 nixos xserver-wrapper[905]: > Warning:          Could not resolve keysym XF86AudioChannelMode
Mar 30 15:37:11 nixos xserver-wrapper[905]: > Warning:          Could not resolve keysym XF86MediaSelectPC
Mar 30 15:37:11 nixos xserver-wrapper[905]: > Warning:          Could not resolve keysym XF86MediaSelectTV
Mar 30 15:37:11 nixos xserver-wrapper[905]: > Warning:          Could not resolve keysym XF86MediaSelectCable
Mar 30 15:37:11 nixos xserver-wrapper[905]: > Warning:          Could not resolve keysym XF86MediaSelectVCR
Mar 30 15:37:11 nixos xserver-wrapper[905]: > Warning:          Could not resolve keysym XF86MediaSelectVCRPlus
Mar 30 15:37:11 nixos xserver-wrapper[905]: > Warning:          Could not resolve keysym XF86MediaSelectSatellite
Mar 30 15:37:11 nixos xserver-wrapper[905]: > Warning:          Could not resolve keysym XF86MediaSelectCD
Mar 30 15:37:11 nixos xserver-wrapper[905]: > Warning:          Could not resolve keysym XF86MediaSelectTape
Mar 30 15:37:11 nixos xserver-wrapper[905]: > Warning:          Could not resolve keysym XF86MediaSelectRadio
Mar 30 15:37:11 nixos xserver-wrapper[905]: > Warning:          Could not resolve keysym XF86MediaSelectTuner
Mar 30 15:37:11 nixos xserver-wrapper[905]: > Warning:          Could not resolve keysym XF86MediaPlayer
Mar 30 15:37:11 nixos xserver-wrapper[905]: > Warning:          Could not resolve keysym XF86MediaSelectTeletext
Mar 30 15:37:11 nixos xserver-wrapper[905]: > Warning:          Could not resolve keysym XF86MediaSelectAuxiliary
Mar 30 15:37:11 nixos xserver-wrapper[905]: > Warning:          Could not resolve keysym XF86MediaPlaySlow
Mar 30 15:37:11 nixos xserver-wrapper[905]: > Warning:          Could not resolve keysym XF86NumberEntryMode
Mar 30 15:37:11 nixos xserver-wrapper[905]: > Warning:          Could not resolve keysym XF86RefreshRateToggle
Mar 30 15:37:11 nixos xserver-wrapper[905]: > Warning:          Could not resolve keysym XF86Accessibility
Mar 30 15:37:11 nixos xserver-wrapper[905]: > Warning:          Could not resolve keysym XF86DoNotDisturb
Mar 30 15:37:11 nixos xserver-wrapper[905]: Errors from xkbcomp are not fatal to the X server
Mar 30 15:37:11 nixos xserver-wrapper[898]: (II) config/udev: Adding input device Power Button (/dev/input/event3)
Mar 30 15:37:11 nixos xserver-wrapper[898]: (**) Power Button: Applying InputClass "Keyboard catchall"
Mar 30 15:37:11 nixos xserver-wrapper[898]: (**) Power Button: Applying InputClass "evdev keyboard catchall"
Mar 30 15:37:11 nixos xserver-wrapper[898]: (**) Power Button: Applying InputClass "libinput keyboard catchall"
Mar 30 15:37:11 nixos xserver-wrapper[898]: (II) LoadModule: "libinput"
Mar 30 15:37:11 nixos xserver-wrapper[898]: (II) Loading /nix/store/fqgj6lg7z4k2jskl51bmx9gl674p9iml-xf86-input-libinput-1.5.0/lib/xorg/modules/input/libinput_drv.so
Mar 30 15:37:12 nixos xserver-wrapper[898]: (II) Module libinput: vendor="X.Org Foundation"
Mar 30 15:37:12 nixos xserver-wrapper[898]:         compiled for 1.21.1.21, module version = 1.5.0
Mar 30 15:37:12 nixos xserver-wrapper[898]:         Module class: X.Org XInput Driver
Mar 30 15:37:12 nixos xserver-wrapper[898]:         ABI class: X.Org XInput driver, version 24.4
Mar 30 15:37:12 nixos xserver-wrapper[898]: (II) Using input driver 'libinput' for 'Power Button'
Mar 30 15:37:12 nixos xserver-wrapper[898]: (**) Power Button: always reports core events
Mar 30 15:37:12 nixos xserver-wrapper[898]: (**) Option "Device" "/dev/input/event3"
Mar 30 15:37:12 nixos xserver-wrapper[898]: (II) event3  - Power Button: is tagged by udev as: Keyboard
Mar 30 15:37:12 nixos xserver-wrapper[898]: (II) event3  - Power Button: device is a keyboard
Mar 30 15:37:12 nixos xserver-wrapper[898]: (II) event3  - Power Button: device removed
Mar 30 15:37:12 nixos xserver-wrapper[898]: (**) Option "config_info" "udev:/sys/devices/LNXSYSTM:00/LNXPWRBN:00/input/input4/event3"
Mar 30 15:37:12 nixos xserver-wrapper[898]: (II) XINPUT: Adding extended input device "Power Button" (type: KEYBOARD, id 6)
Mar 30 15:37:12 nixos xserver-wrapper[898]: (**) Option "xkb_model" "pc104"
Mar 30 15:37:12 nixos xserver-wrapper[898]: (**) Option "xkb_layout" "us"
Mar 30 15:37:12 nixos xserver-wrapper[898]: (WW) Option "xkb_variant" requires a string value
Mar 30 15:37:12 nixos xserver-wrapper[898]: (**) Option "xkb_options" "terminate:ctrl_alt_bksp"
Mar 30 15:37:12 nixos xserver-wrapper[906]: The XKEYBOARD keymap compiler (xkbcomp) reports:
Mar 30 15:37:12 nixos xserver-wrapper[906]: > Warning:          Could not resolve keysym XF86OK
Mar 30 15:37:12 nixos xserver-wrapper[906]: > Warning:          Could not resolve keysym XF86GoTo
Mar 30 15:37:12 nixos xserver-wrapper[906]: > Warning:          Could not resolve keysym XF86VendorLogo
Mar 30 15:37:12 nixos xserver-wrapper[906]: > Warning:          Could not resolve keysym XF86MediaSelectProgramGuide
Mar 30 15:37:12 nixos xserver-wrapper[906]: > Warning:          Could not resolve keysym XF86MediaSelectProgramGuide
Mar 30 15:37:12 nixos xserver-wrapper[906]: > Warning:          Could not resolve keysym XF86MediaSelectHome
Mar 30 15:37:12 nixos xserver-wrapper[906]: > Warning:          Could not resolve keysym XF86MediaLanguageMenu
Mar 30 15:37:12 nixos xserver-wrapper[906]: > Warning:          Could not resolve keysym XF86MediaTitleMenu
Mar 30 15:37:12 nixos xserver-wrapper[906]: > Warning:          Could not resolve keysym XF86AudioChannelMode
Mar 30 15:37:12 nixos xserver-wrapper[906]: > Warning:          Could not resolve keysym XF86MediaSelectPC
Mar 30 15:37:12 nixos xserver-wrapper[906]: > Warning:          Could not resolve keysym XF86MediaSelectTV
Mar 30 15:37:12 nixos xserver-wrapper[906]: > Warning:          Could not resolve keysym XF86MediaSelectCable
Mar 30 15:37:12 nixos xserver-wrapper[906]: > Warning:          Could not resolve keysym XF86MediaSelectVCR
Mar 30 15:37:12 nixos xserver-wrapper[906]: > Warning:          Could not resolve keysym XF86MediaSelectVCRPlus
Mar 30 15:37:12 nixos xserver-wrapper[906]: > Warning:          Could not resolve keysym XF86MediaSelectSatellite
Mar 30 15:37:12 nixos xserver-wrapper[906]: > Warning:          Could not resolve keysym XF86MediaSelectCD
Mar 30 15:37:12 nixos xserver-wrapper[906]: > Warning:          Could not resolve keysym XF86MediaSelectTape
Mar 30 15:37:12 nixos xserver-wrapper[906]: > Warning:          Could not resolve keysym XF86MediaSelectRadio
Mar 30 15:37:12 nixos xserver-wrapper[906]: > Warning:          Could not resolve keysym XF86MediaSelectTuner
Mar 30 15:37:12 nixos xserver-wrapper[906]: > Warning:          Could not resolve keysym XF86MediaPlayer
Mar 30 15:37:12 nixos xserver-wrapper[906]: > Warning:          Could not resolve keysym XF86MediaSelectTeletext
Mar 30 15:37:12 nixos xserver-wrapper[906]: > Warning:          Could not resolve keysym XF86MediaSelectAuxiliary
Mar 30 15:37:12 nixos xserver-wrapper[906]: > Warning:          Could not resolve keysym XF86MediaPlaySlow
Mar 30 15:37:12 nixos xserver-wrapper[906]: > Warning:          Could not resolve keysym XF86NumberEntryMode
Mar 30 15:37:12 nixos xserver-wrapper[906]: > Warning:          Could not resolve keysym XF86RefreshRateToggle
Mar 30 15:37:12 nixos xserver-wrapper[906]: > Warning:          Could not resolve keysym XF86Accessibility
Mar 30 15:37:12 nixos xserver-wrapper[906]: > Warning:          Could not resolve keysym XF86DoNotDisturb
Mar 30 15:37:12 nixos xserver-wrapper[906]: Errors from xkbcomp are not fatal to the X server
Mar 30 15:37:12 nixos xserver-wrapper[898]: (II) event3  - Power Button: is tagged by udev as: Keyboard
Mar 30 15:37:12 nixos xserver-wrapper[898]: (II) event3  - Power Button: device is a keyboard
Mar 30 15:37:12 nixos xserver-wrapper[898]: (II) config/udev: Adding input device Video Bus (/dev/input/event10)
Mar 30 15:37:12 nixos xserver-wrapper[898]: (**) Video Bus: Applying InputClass "Keyboard catchall"
Mar 30 15:37:12 nixos xserver-wrapper[898]: (**) Video Bus: Applying InputClass "evdev keyboard catchall"
Mar 30 15:37:12 nixos xserver-wrapper[898]: (**) Video Bus: Applying InputClass "libinput keyboard catchall"
Mar 30 15:37:12 nixos xserver-wrapper[898]: (II) Using input driver 'libinput' for 'Video Bus'
Mar 30 15:37:12 nixos xserver-wrapper[898]: (**) Video Bus: always reports core events
Mar 30 15:37:12 nixos xserver-wrapper[898]: (**) Option "Device" "/dev/input/event10"
Mar 30 15:37:12 nixos xserver-wrapper[898]: (II) event10 - Video Bus: is tagged by udev as: Keyboard
Mar 30 15:37:12 nixos xserver-wrapper[898]: (II) event10 - Video Bus: device is a keyboard
Mar 30 15:37:12 nixos xserver-wrapper[898]: (II) event10 - Video Bus: device removed
Mar 30 15:37:12 nixos xserver-wrapper[898]: (**) Option "config_info" "udev:/sys/devices/LNXSYSTM:00/LNXSYBUS:00/PNP0A08:00/LNXVIDEO:00/input/input12/event10"
Mar 30 15:37:12 nixos xserver-wrapper[898]: (II) XINPUT: Adding extended input device "Video Bus" (type: KEYBOARD, id 7)
Mar 30 15:37:12 nixos xserver-wrapper[898]: (**) Option "xkb_model" "pc104"
Mar 30 15:37:12 nixos xserver-wrapper[898]: (**) Option "xkb_layout" "us"
Mar 30 15:37:12 nixos xserver-wrapper[898]: (WW) Option "xkb_variant" requires a string value
Mar 30 15:37:12 nixos xserver-wrapper[898]: (**) Option "xkb_options" "terminate:ctrl_alt_bksp"
Mar 30 15:37:12 nixos xserver-wrapper[898]: (II) event10 - Video Bus: is tagged by udev as: Keyboard
Mar 30 15:37:12 nixos xserver-wrapper[898]: (II) event10 - Video Bus: device is a keyboard
Mar 30 15:37:12 nixos xserver-wrapper[898]: (II) config/udev: Adding input device Lid Switch (/dev/input/event1)
Mar 30 15:37:12 nixos xserver-wrapper[898]: (II) No input driver specified, ignoring this device.
Mar 30 15:37:12 nixos xserver-wrapper[898]: (II) This device may have been added with another device file.
Mar 30 15:37:12 nixos xserver-wrapper[898]: (II) config/udev: Adding input device Sleep Button (/dev/input/event2)
Mar 30 15:37:12 nixos xserver-wrapper[898]: (**) Sleep Button: Applying InputClass "Keyboard catchall"
Mar 30 15:37:12 nixos xserver-wrapper[898]: (**) Sleep Button: Applying InputClass "evdev keyboard catchall"
Mar 30 15:37:12 nixos xserver-wrapper[898]: (**) Sleep Button: Applying InputClass "libinput keyboard catchall"
Mar 30 15:37:12 nixos xserver-wrapper[898]: (II) Using input driver 'libinput' for 'Sleep Button'
Mar 30 15:37:12 nixos xserver-wrapper[898]: (**) Sleep Button: always reports core events
Mar 30 15:37:12 nixos xserver-wrapper[898]: (**) Option "Device" "/dev/input/event2"
Mar 30 15:37:12 nixos xserver-wrapper[898]: (II) event2  - Sleep Button: is tagged by udev as: Keyboard
Mar 30 15:37:12 nixos xserver-wrapper[898]: (II) event2  - Sleep Button: device is a keyboard
Mar 30 15:37:12 nixos xserver-wrapper[898]: (II) event2  - Sleep Button: device removed
Mar 30 15:37:12 nixos xserver-wrapper[898]: (**) Option "config_info" "udev:/sys/devices/LNXSYSTM:00/LNXSYBUS:00/PNP0C0E:00/input/input3/event2"
Mar 30 15:37:12 nixos xserver-wrapper[898]: (II) XINPUT: Adding extended input device "Sleep Button" (type: KEYBOARD, id 8)
Mar 30 15:37:12 nixos xserver-wrapper[898]: (**) Option "xkb_model" "pc104"
Mar 30 15:37:12 nixos xserver-wrapper[898]: (**) Option "xkb_layout" "us"
Mar 30 15:37:12 nixos xserver-wrapper[898]: (WW) Option "xkb_variant" requires a string value
Mar 30 15:37:12 nixos xserver-wrapper[898]: (**) Option "xkb_options" "terminate:ctrl_alt_bksp"
Mar 30 15:37:12 nixos xserver-wrapper[898]: (II) event2  - Sleep Button: is tagged by udev as: Keyboard
Mar 30 15:37:12 nixos xserver-wrapper[898]: (II) event2  - Sleep Button: device is a keyboard
Mar 30 15:37:12 nixos xserver-wrapper[898]: (II) config/udev: Adding input device HDA Intel HDMI HDMI/DP,pcm=3 (/dev/input/event11)
Mar 30 15:37:12 nixos xserver-wrapper[898]: (II) No input driver specified, ignoring this device.
Mar 30 15:37:12 nixos xserver-wrapper[898]: (II) This device may have been added with another device file.
Mar 30 15:37:12 nixos xserver-wrapper[898]: (II) config/udev: Adding input device HDA Intel HDMI HDMI/DP,pcm=7 (/dev/input/event12)
Mar 30 15:37:12 nixos xserver-wrapper[898]: (II) No input driver specified, ignoring this device.
Mar 30 15:37:12 nixos xserver-wrapper[898]: (II) This device may have been added with another device file.
Mar 30 15:37:12 nixos xserver-wrapper[898]: (II) config/udev: Adding input device HDA Intel HDMI HDMI/DP,pcm=8 (/dev/input/event13)
Mar 30 15:37:12 nixos xserver-wrapper[898]: (II) No input driver specified, ignoring this device.
Mar 30 15:37:12 nixos xserver-wrapper[898]: (II) This device may have been added with another device file.
Mar 30 15:37:12 nixos xserver-wrapper[898]: (II) config/udev: Adding input device HDA Intel PCH Dock Headphone (/dev/input/event8)
Mar 30 15:37:12 nixos xserver-wrapper[898]: (II) No input driver specified, ignoring this device.
Mar 30 15:37:12 nixos xserver-wrapper[898]: (II) This device may have been added with another device file.
Mar 30 15:37:12 nixos xserver-wrapper[898]: (II) config/udev: Adding input device HDA Intel PCH Headphone (/dev/input/event9)
Mar 30 15:37:12 nixos xserver-wrapper[898]: (II) No input driver specified, ignoring this device.
Mar 30 15:37:12 nixos xserver-wrapper[898]: (II) This device may have been added with another device file.
Mar 30 15:37:12 nixos xserver-wrapper[898]: (II) config/udev: Adding input device HDA Digital PCBeep (/dev/input/event5)
Mar 30 15:37:12 nixos xserver-wrapper[898]: (II) No input driver specified, ignoring this device.
Mar 30 15:37:12 nixos xserver-wrapper[898]: (II) This device may have been added with another device file.
Mar 30 15:37:12 nixos xserver-wrapper[898]: (II) config/udev: Adding input device HDA Intel PCH Dock Mic (/dev/input/event6)
Mar 30 15:37:12 nixos xserver-wrapper[898]: (II) No input driver specified, ignoring this device.
Mar 30 15:37:12 nixos xserver-wrapper[898]: (II) This device may have been added with another device file.
Mar 30 15:37:12 nixos xserver-wrapper[898]: (II) config/udev: Adding input device HDA Intel PCH Mic (/dev/input/event7)
Mar 30 15:37:12 nixos xserver-wrapper[898]: (II) No input driver specified, ignoring this device.
Mar 30 15:37:12 nixos xserver-wrapper[898]: (II) This device may have been added with another device file.
Mar 30 15:37:12 nixos xserver-wrapper[898]: (II) config/udev: Adding input device Synaptics TM3053-004 (/dev/input/event14)
Mar 30 15:37:12 nixos xserver-wrapper[898]: (**) Synaptics TM3053-004: Applying InputClass "evdev touchpad catchall"
Mar 30 15:37:12 nixos xserver-wrapper[898]: (**) Synaptics TM3053-004: Applying InputClass "libinput touchpad catchall"
Mar 30 15:37:12 nixos xserver-wrapper[898]: (**) Synaptics TM3053-004: Applying InputClass "libinput touchpad configuration"
Mar 30 15:37:12 nixos xserver-wrapper[898]: (II) Using input driver 'libinput' for 'Synaptics TM3053-004'
Mar 30 15:37:12 nixos xserver-wrapper[898]: (**) Synaptics TM3053-004: always reports core events
Mar 30 15:37:12 nixos xserver-wrapper[898]: (**) Option "Device" "/dev/input/event14"
Mar 30 15:37:12 nixos xserver-wrapper[898]: (II) event14 - Synaptics TM3053-004: is tagged by udev as: Touchpad
Mar 30 15:37:12 nixos xserver-wrapper[898]: (II) event14 - Synaptics TM3053-004: device is a touchpad
Mar 30 15:37:12 nixos xserver-wrapper[898]: (II) event14 - Synaptics TM3053-004: device removed
Mar 30 15:37:12 nixos xserver-wrapper[898]: (**) Option "Tapping" "on"
Mar 30 15:37:12 nixos xserver-wrapper[898]: (**) Option "TappingDragLock" "on"
Mar 30 15:37:12 nixos xserver-wrapper[898]: (**) Option "AccelProfile" "adaptive"
Mar 30 15:37:12 nixos xserver-wrapper[898]: (II) libinput: Synaptics TM3053-004: Step value 0 was provided, libinput Fallback acceleration function is used.
Mar 30 15:37:12 nixos xserver-wrapper[898]: (II) libinput: Synaptics TM3053-004: Step value 0 was provided, libinput Fallback acceleration function is used.
Mar 30 15:37:12 nixos xserver-wrapper[898]: (II) libinput: Synaptics TM3053-004: Step value 0 was provided, libinput Fallback acceleration function is used.
Mar 30 15:37:12 nixos xserver-wrapper[898]: (**) Option "NaturalScrolling" "off"
Mar 30 15:37:12 nixos xserver-wrapper[898]: (**) Option "SendEventsMode" "enabled"
Mar 30 15:37:12 nixos xserver-wrapper[898]: (**) Option "LeftHanded" "off"
Mar 30 15:37:12 nixos xserver-wrapper[898]: (**) Option "ScrollMethod" "twofinger"
Mar 30 15:37:12 nixos xserver-wrapper[898]: (**) Option "MiddleEmulation" "on"
Mar 30 15:37:12 nixos xserver-wrapper[898]: (**) Option "DisableWhileTyping" "off"
Mar 30 15:37:12 nixos xserver-wrapper[898]: (**) Option "HorizontalScrolling" "on"
Mar 30 15:37:12 nixos xserver-wrapper[898]: (**) Option "config_info" "udev:/sys/devices/pci0000:00/0000:00:1f.3/i2c-0/0-002c/rmi4-00/input/input13/event14"
Mar 30 15:37:12 nixos xserver-wrapper[898]: (II) XINPUT: Adding extended input device "Synaptics TM3053-004" (type: TOUCHPAD, id 9)
Mar 30 15:37:12 nixos xserver-wrapper[898]: (**) Option "AccelerationScheme" "none"
Mar 30 15:37:12 nixos xserver-wrapper[898]: (**) Synaptics TM3053-004: (accel) selected scheme none/0
Mar 30 15:37:12 nixos xserver-wrapper[898]: (**) Synaptics TM3053-004: (accel) acceleration factor: 2.000
Mar 30 15:37:12 nixos xserver-wrapper[898]: (**) Synaptics TM3053-004: (accel) acceleration threshold: 4
Mar 30 15:37:12 nixos xserver-wrapper[898]: (II) event14 - Synaptics TM3053-004: is tagged by udev as: Touchpad
Mar 30 15:37:12 nixos xserver-wrapper[898]: (II) event14 - Synaptics TM3053-004: device is a touchpad
Mar 30 15:37:12 nixos xserver-wrapper[898]: (II) config/udev: Adding input device Synaptics TM3053-004 (/dev/input/mouse0)
Mar 30 15:37:12 nixos xserver-wrapper[898]: (II) No input driver specified, ignoring this device.
Mar 30 15:37:12 nixos xserver-wrapper[898]: (II) This device may have been added with another device file.
Mar 30 15:37:12 nixos xserver-wrapper[898]: (II) config/udev: Adding input device TPPS/2 IBM TrackPoint (/dev/input/event15)
Mar 30 15:37:12 nixos xserver-wrapper[898]: (**) TPPS/2 IBM TrackPoint: Applying InputClass "evdev pointer catchall"
Mar 30 15:37:12 nixos xserver-wrapper[898]: (**) TPPS/2 IBM TrackPoint: Applying InputClass "libinput pointer catchall"
Mar 30 15:37:12 nixos xserver-wrapper[898]: (**) TPPS/2 IBM TrackPoint: Applying InputClass "libinput mouse configuration"
Mar 30 15:37:12 nixos xserver-wrapper[898]: (II) Using input driver 'libinput' for 'TPPS/2 IBM TrackPoint'
Mar 30 15:37:12 nixos xserver-wrapper[898]: (**) TPPS/2 IBM TrackPoint: always reports core events
Mar 30 15:37:12 nixos xserver-wrapper[898]: (**) Option "Device" "/dev/input/event15"
Mar 30 15:37:12 nixos xserver-wrapper[898]: (II) event15 - TPPS/2 IBM TrackPoint: is tagged by udev as: Mouse Pointingstick
Mar 30 15:37:12 nixos xserver-wrapper[898]: (II) event15 - TPPS/2 IBM TrackPoint: device is a pointer
Mar 30 15:37:12 nixos xserver-wrapper[898]: (II) event15 - TPPS/2 IBM TrackPoint: device removed
Mar 30 15:37:12 nixos xserver-wrapper[898]: (**) Option "AccelProfile" "adaptive"
Mar 30 15:37:12 nixos xserver-wrapper[898]: (II) libinput: TPPS/2 IBM TrackPoint: Step value 0 was provided, libinput Fallback acceleration function is used.
Mar 30 15:37:12 nixos xserver-wrapper[898]: (II) libinput: TPPS/2 IBM TrackPoint: Step value 0 was provided, libinput Fallback acceleration function is used.
Mar 30 15:37:12 nixos xserver-wrapper[898]: (II) libinput: TPPS/2 IBM TrackPoint: Step value 0 was provided, libinput Fallback acceleration function is used.
Mar 30 15:37:12 nixos xserver-wrapper[898]: (**) Option "NaturalScrolling" "off"
Mar 30 15:37:12 nixos xserver-wrapper[898]: (**) Option "SendEventsMode" "enabled"
Mar 30 15:37:12 nixos xserver-wrapper[898]: (**) Option "LeftHanded" "off"
Mar 30 15:37:12 nixos xserver-wrapper[898]: (**) Option "ScrollMethod" "twofinger"
Mar 30 15:37:12 nixos xserver-wrapper[898]: (**) Option "MiddleEmulation" "on"
Mar 30 15:37:12 nixos xserver-wrapper[898]: (**) Option "HorizontalScrolling" "on"
Mar 30 15:37:12 nixos xserver-wrapper[898]: (**) Option "config_info" "udev:/sys/devices/pci0000:00/0000:00:1f.3/i2c-0/0-002c/rmi4-00/rmi4-00.fn03/serio2/input/input17/event15"
Mar 30 15:37:12 nixos xserver-wrapper[898]: (II) XINPUT: Adding extended input device "TPPS/2 IBM TrackPoint" (type: MOUSE, id 10)
Mar 30 15:37:12 nixos xserver-wrapper[898]: (EE) libinput: TPPS/2 IBM TrackPoint: Failed to set scroll to twofinger
Mar 30 15:37:12 nixos xserver-wrapper[898]: (**) Option "AccelerationScheme" "none"
Mar 30 15:37:12 nixos xserver-wrapper[898]: (**) TPPS/2 IBM TrackPoint: (accel) selected scheme none/0
Mar 30 15:37:12 nixos xserver-wrapper[898]: (**) TPPS/2 IBM TrackPoint: (accel) acceleration factor: 2.000
Mar 30 15:37:12 nixos xserver-wrapper[898]: (**) TPPS/2 IBM TrackPoint: (accel) acceleration threshold: 4
Mar 30 15:37:12 nixos xserver-wrapper[898]: (II) event15 - TPPS/2 IBM TrackPoint: is tagged by udev as: Mouse Pointingstick
Mar 30 15:37:12 nixos xserver-wrapper[898]: (II) event15 - TPPS/2 IBM TrackPoint: device is a pointer
Mar 30 15:37:12 nixos xserver-wrapper[898]: (EE) libinput: TPPS/2 IBM TrackPoint: Failed to set scroll to twofinger
Mar 30 15:37:12 nixos xserver-wrapper[898]: (II) config/udev: Adding input device TPPS/2 IBM TrackPoint (/dev/input/mouse1)
Mar 30 15:37:12 nixos xserver-wrapper[898]: (II) No input driver specified, ignoring this device.
Mar 30 15:37:12 nixos xserver-wrapper[898]: (II) This device may have been added with another device file.
Mar 30 15:37:12 nixos xserver-wrapper[898]: (II) config/udev: Adding input device AT Translated Set 2 keyboard (/dev/input/event0)
Mar 30 15:37:12 nixos xserver-wrapper[898]: (**) AT Translated Set 2 keyboard: Applying InputClass "Keyboard catchall"
Mar 30 15:37:12 nixos xserver-wrapper[898]: (**) AT Translated Set 2 keyboard: Applying InputClass "evdev keyboard catchall"
Mar 30 15:37:12 nixos xserver-wrapper[898]: (**) AT Translated Set 2 keyboard: Applying InputClass "libinput keyboard catchall"
Mar 30 15:37:12 nixos xserver-wrapper[898]: (II) Using input driver 'libinput' for 'AT Translated Set 2 keyboard'
Mar 30 15:37:12 nixos xserver-wrapper[898]: (**) AT Translated Set 2 keyboard: always reports core events
Mar 30 15:37:12 nixos xserver-wrapper[898]: (**) Option "Device" "/dev/input/event0"
Mar 30 15:37:12 nixos xserver-wrapper[898]: (II) event0  - AT Translated Set 2 keyboard: is tagged by udev as: Keyboard
Mar 30 15:37:12 nixos xserver-wrapper[898]: (II) event0  - AT Translated Set 2 keyboard: device is a keyboard
Mar 30 15:37:12 nixos xserver-wrapper[898]: (II) event0  - AT Translated Set 2 keyboard: device removed
Mar 30 15:37:12 nixos xserver-wrapper[898]: (**) Option "config_info" "udev:/sys/devices/platform/i8042/serio0/input/input0/event0"
Mar 30 15:37:12 nixos xserver-wrapper[898]: (II) XINPUT: Adding extended input device "AT Translated Set 2 keyboard" (type: KEYBOARD, id 11)
Mar 30 15:37:12 nixos xserver-wrapper[898]: (**) Option "xkb_model" "pc104"
Mar 30 15:37:12 nixos xserver-wrapper[898]: (**) Option "xkb_layout" "us"
Mar 30 15:37:12 nixos xserver-wrapper[898]: (WW) Option "xkb_variant" requires a string value
Mar 30 15:37:12 nixos xserver-wrapper[898]: (**) Option "xkb_options" "terminate:ctrl_alt_bksp"
Mar 30 15:37:12 nixos xserver-wrapper[898]: (II) event0  - AT Translated Set 2 keyboard: is tagged by udev as: Keyboard
Mar 30 15:37:12 nixos xserver-wrapper[898]: (II) event0  - AT Translated Set 2 keyboard: device is a keyboard
Mar 30 15:37:12 nixos xserver-wrapper[898]: (II) config/udev: Adding input device ThinkPad Extra Buttons (/dev/input/event4)
Mar 30 15:37:12 nixos xserver-wrapper[898]: (**) ThinkPad Extra Buttons: Applying InputClass "Keyboard catchall"
Mar 30 15:37:12 nixos xserver-wrapper[898]: (**) ThinkPad Extra Buttons: Applying InputClass "evdev keyboard catchall"
Mar 30 15:37:12 nixos xserver-wrapper[898]: (**) ThinkPad Extra Buttons: Applying InputClass "libinput keyboard catchall"
Mar 30 15:37:12 nixos xserver-wrapper[898]: (II) Using input driver 'libinput' for 'ThinkPad Extra Buttons'
Mar 30 15:37:12 nixos xserver-wrapper[898]: (**) ThinkPad Extra Buttons: always reports core events
Mar 30 15:37:12 nixos xserver-wrapper[898]: (**) Option "Device" "/dev/input/event4"
Mar 30 15:37:12 nixos xserver-wrapper[898]: (II) event4  - ThinkPad Extra Buttons: is tagged by udev as: Keyboard Switch
Mar 30 15:37:12 nixos xserver-wrapper[898]: (II) event4  - ThinkPad Extra Buttons: device is a keyboard
Mar 30 15:37:12 nixos xserver-wrapper[898]: (II) event4  - ThinkPad Extra Buttons: device removed
Mar 30 15:37:12 nixos xserver-wrapper[898]: (**) Option "config_info" "udev:/sys/devices/platform/thinkpad_acpi/input/input5/event4"
Mar 30 15:37:12 nixos xserver-wrapper[898]: (II) XINPUT: Adding extended input device "ThinkPad Extra Buttons" (type: KEYBOARD, id 12)
Mar 30 15:37:12 nixos xserver-wrapper[898]: (**) Option "xkb_model" "pc104"
Mar 30 15:37:12 nixos xserver-wrapper[898]: (**) Option "xkb_layout" "us"
Mar 30 15:37:12 nixos xserver-wrapper[898]: (WW) Option "xkb_variant" requires a string value
Mar 30 15:37:12 nixos xserver-wrapper[898]: (**) Option "xkb_options" "terminate:ctrl_alt_bksp"
Mar 30 15:37:12 nixos xserver-wrapper[898]: (II) event4  - ThinkPad Extra Buttons: is tagged by udev as: Keyboard Switch
Mar 30 15:37:12 nixos xserver-wrapper[898]: (II) event4  - ThinkPad Extra Buttons: device is a keyboard
Mar 30 15:37:12 nixos sddm[896]: Setting default cursor
Mar 30 15:37:12 nixos sddm[896]: Could not setup default cursor
Mar 30 15:37:12 nixos sddm[896]: Running display setup script  "/nix/store/qygvvzgxkkcdp2q7j2ips6lj3dcbhj7f-Xsetup"
Mar 30 15:37:12 nixos sddm[896]: Display server started.
Mar 30 15:37:12 nixos sddm[896]: Socket server starting...
Mar 30 15:37:12 nixos sddm[896]: Socket server started.
Mar 30 15:37:12 nixos sddm[896]: Loading theme configuration from "/run/current-system/sw/share/sddm/themes/cyberpunk/theme.conf"
Mar 30 15:37:12 nixos sddm[896]: The theme at "/run/current-system/sw/share/sddm/themes/cyberpunk" requires missing "/nix/store/ssjlmbcpgdkrzcwy5r82i75y6jg20lfn-sddm-wrapped/bin/sddm-greeter" . Using fallback theme.
Mar 30 15:37:12 nixos sddm[896]: Loaded empty theme configuration
Mar 30 15:37:12 nixos sddm[896]: Greeter starting...
Mar 30 15:37:12 nixos sddm-helper[910]: [PAM] Starting...
Mar 30 15:37:12 nixos sddm-helper[910]: [PAM] Authenticating...
Mar 30 15:37:12 nixos sddm-helper[910]: [PAM] returning.
Mar 30 15:37:12 nixos xserver-wrapper[898]: (II) modeset(0): EDID vendor "AUO", prod id 11580
Mar 30 15:37:12 nixos xserver-wrapper[898]: (II) modeset(0): Printing DDC gathered Modelines:
Mar 30 15:37:12 nixos xserver-wrapper[898]: (II) modeset(0): Modeline "1366x768"x0.0   76.60  1366 1404 1426 1598  768 771 777 798 -hsync -vsync (47.9 kHz eP)
Mar 30 15:37:12 nixos sddm-helper[910]: Writing cookie to "/tmp/xauth_kKtzqx"
Mar 30 15:37:12 nixos sddm-helper[910]: Starting X11 session: "" "/nix/store/ssjlmbcpgdkrzcwy5r82i75y6jg20lfn-sddm-wrapped/bin/sddm-greeter-qt6 --socket /tmp/sddm-:0-RZLGOE"
Mar 30 15:37:12 nixos sddm[896]: Greeter session started successfully
Mar 30 15:37:12 nixos sddm[896]: Message received from greeter: Connect
Mar 30 15:37:13 nixos xserver-wrapper[898]: (II) config/udev: Adding input device BY Tech Gaming Keyboard Mouse (/dev/input/mouse2)
Mar 30 15:37:13 nixos xserver-wrapper[898]: (II) No input driver specified, ignoring this device.
Mar 30 15:37:13 nixos xserver-wrapper[898]: (II) This device may have been added with another device file.
Mar 30 15:37:13 nixos xserver-wrapper[898]: (II) config/udev: Adding input device BY Tech Gaming Keyboard Consumer Control (/dev/input/event18)
Mar 30 15:37:13 nixos xserver-wrapper[898]: (**) BY Tech Gaming Keyboard Consumer Control: Applying InputClass "Keyboard catchall"
Mar 30 15:37:13 nixos xserver-wrapper[898]: (**) BY Tech Gaming Keyboard Consumer Control: Applying InputClass "evdev keyboard catchall"
Mar 30 15:37:13 nixos xserver-wrapper[898]: (**) BY Tech Gaming Keyboard Consumer Control: Applying InputClass "libinput keyboard catchall"
Mar 30 15:37:13 nixos xserver-wrapper[898]: (II) Using input driver 'libinput' for 'BY Tech Gaming Keyboard Consumer Control'
Mar 30 15:37:13 nixos xserver-wrapper[898]: (**) BY Tech Gaming Keyboard Consumer Control: always reports core events
Mar 30 15:37:13 nixos xserver-wrapper[898]: (**) Option "Device" "/dev/input/event18"
Mar 30 15:37:13 nixos xserver-wrapper[898]: (II) event18 - BY Tech Gaming Keyboard Consumer Control: is tagged by udev as: Keyboard
Mar 30 15:37:13 nixos xserver-wrapper[898]: (II) event18 - BY Tech Gaming Keyboard Consumer Control: device is a keyboard
Mar 30 15:37:13 nixos xserver-wrapper[898]: (II) event18 - BY Tech Gaming Keyboard Consumer Control: device removed
Mar 30 15:37:13 nixos xserver-wrapper[898]: (II) libinput: BY Tech Gaming Keyboard Consumer Control: needs a virtual subdevice
Mar 30 15:37:13 nixos xserver-wrapper[898]: (**) Option "config_info" "udev:/sys/devices/pci0000:00/0000:00:14.0/usb2/2-2/2-2.2/2-2.2:1.1/0003:258A:010C.0002/input/input20/event18"
Mar 30 15:37:13 nixos xserver-wrapper[898]: (II) XINPUT: Adding extended input device "BY Tech Gaming Keyboard Consumer Control" (type: MOUSE, id 13)
Mar 30 15:37:13 nixos xserver-wrapper[898]: (**) Option "AccelerationScheme" "none"
Mar 30 15:37:13 nixos xserver-wrapper[898]: (**) BY Tech Gaming Keyboard Consumer Control: (accel) selected scheme none/0
Mar 30 15:37:13 nixos xserver-wrapper[898]: (**) BY Tech Gaming Keyboard Consumer Control: (accel) acceleration factor: 2.000
Mar 30 15:37:13 nixos xserver-wrapper[898]: (**) BY Tech Gaming Keyboard Consumer Control: (accel) acceleration threshold: 4
Mar 30 15:37:13 nixos xserver-wrapper[898]: (II) event18 - BY Tech Gaming Keyboard Consumer Control: is tagged by udev as: Keyboard
Mar 30 15:37:13 nixos xserver-wrapper[898]: (II) event18 - BY Tech Gaming Keyboard Consumer Control: device is a keyboard
Mar 30 15:37:13 nixos xserver-wrapper[898]: (**) BY Tech Gaming Keyboard Consumer Control: Applying InputClass "Keyboard catchall"
Mar 30 15:37:13 nixos xserver-wrapper[898]: (**) BY Tech Gaming Keyboard Consumer Control: Applying InputClass "evdev keyboard catchall"
Mar 30 15:37:13 nixos xserver-wrapper[898]: (**) BY Tech Gaming Keyboard Consumer Control: Applying InputClass "libinput keyboard catchall"
Mar 30 15:37:13 nixos xserver-wrapper[898]: (II) Using input driver 'libinput' for 'BY Tech Gaming Keyboard Consumer Control'
Mar 30 15:37:13 nixos xserver-wrapper[898]: (**) BY Tech Gaming Keyboard Consumer Control: always reports core events
Mar 30 15:37:13 nixos xserver-wrapper[898]: (**) Option "Device" "/dev/input/event18"
Mar 30 15:37:13 nixos xserver-wrapper[898]: (II) libinput: BY Tech Gaming Keyboard Consumer Control: is a virtual subdevice
Mar 30 15:37:13 nixos xserver-wrapper[898]: (**) Option "config_info" "udev:/sys/devices/pci0000:00/0000:00:14.0/usb2/2-2/2-2.2/2-2.2:1.1/0003:258A:010C.0002/input/input20/event18"
Mar 30 15:37:13 nixos xserver-wrapper[898]: (II) XINPUT: Adding extended input device "BY Tech Gaming Keyboard Consumer Control" (type: KEYBOARD, id 14)
Mar 30 15:37:13 nixos xserver-wrapper[898]: (**) Option "xkb_model" "pc104"
Mar 30 15:37:13 nixos xserver-wrapper[898]: (**) Option "xkb_layout" "us"
Mar 30 15:37:13 nixos xserver-wrapper[898]: (WW) Option "xkb_variant" requires a string value
Mar 30 15:37:13 nixos xserver-wrapper[898]: (**) Option "xkb_options" "terminate:ctrl_alt_bksp"
Mar 30 15:37:13 nixos xserver-wrapper[898]: (II) config/udev: Adding input device E-Signal EKSA Gaming Mouse (/dev/input/mouse3)
Mar 30 15:37:13 nixos xserver-wrapper[898]: (II) No input driver specified, ignoring this device.
Mar 30 15:37:13 nixos xserver-wrapper[898]: (II) This device may have been added with another device file.
Mar 30 15:37:13 nixos xserver-wrapper[898]: (II) config/udev: Adding input device BY Tech Gaming Keyboard Mouse (/dev/input/event20)
Mar 30 15:37:13 nixos xserver-wrapper[898]: (**) BY Tech Gaming Keyboard Mouse: Applying InputClass "evdev pointer catchall"
Mar 30 15:37:13 nixos xserver-wrapper[898]: (**) BY Tech Gaming Keyboard Mouse: Applying InputClass "libinput pointer catchall"
Mar 30 15:37:13 nixos xserver-wrapper[898]: (**) BY Tech Gaming Keyboard Mouse: Applying InputClass "libinput mouse configuration"
Mar 30 15:37:13 nixos xserver-wrapper[898]: (II) Using input driver 'libinput' for 'BY Tech Gaming Keyboard Mouse'
Mar 30 15:37:13 nixos xserver-wrapper[898]: (**) BY Tech Gaming Keyboard Mouse: always reports core events
Mar 30 15:37:13 nixos xserver-wrapper[898]: (**) Option "Device" "/dev/input/event20"
Mar 30 15:37:13 nixos xserver-wrapper[898]: (II) event20 - BY Tech Gaming Keyboard Mouse: is tagged by udev as: Mouse
Mar 30 15:37:13 nixos xserver-wrapper[898]: (II) event20 - BY Tech Gaming Keyboard Mouse: device is a pointer
Mar 30 15:37:13 nixos xserver-wrapper[898]: (II) event20 - BY Tech Gaming Keyboard Mouse: device removed
Mar 30 15:37:13 nixos xserver-wrapper[898]: (**) Option "AccelProfile" "adaptive"
Mar 30 15:37:13 nixos xserver-wrapper[898]: (II) libinput: BY Tech Gaming Keyboard Mouse: Step value 0 was provided, libinput Fallback acceleration function is used.
Mar 30 15:37:13 nixos xserver-wrapper[898]: (II) libinput: BY Tech Gaming Keyboard Mouse: Step value 0 was provided, libinput Fallback acceleration function is used.
Mar 30 15:37:13 nixos xserver-wrapper[898]: (II) libinput: BY Tech Gaming Keyboard Mouse: Step value 0 was provided, libinput Fallback acceleration function is used.
Mar 30 15:37:13 nixos xserver-wrapper[898]: (**) Option "NaturalScrolling" "off"
Mar 30 15:37:13 nixos xserver-wrapper[898]: (**) Option "SendEventsMode" "enabled"
Mar 30 15:37:13 nixos xserver-wrapper[898]: (**) Option "LeftHanded" "off"
Mar 30 15:37:13 nixos xserver-wrapper[898]: (**) Option "ScrollMethod" "twofinger"
Mar 30 15:37:13 nixos xserver-wrapper[898]: (**) Option "MiddleEmulation" "on"
Mar 30 15:37:13 nixos xserver-wrapper[898]: (**) Option "HorizontalScrolling" "on"
Mar 30 15:37:13 nixos xserver-wrapper[898]: (**) Option "config_info" "udev:/sys/devices/pci0000:00/0000:00:14.0/usb2/2-2/2-2.2/2-2.2:1.1/0003:258A:010C.0002/input/input23/event20"
Mar 30 15:37:13 nixos xserver-wrapper[898]: (II) XINPUT: Adding extended input device "BY Tech Gaming Keyboard Mouse" (type: MOUSE, id 15)
Mar 30 15:37:13 nixos xserver-wrapper[898]: (EE) libinput: BY Tech Gaming Keyboard Mouse: Failed to set scroll to twofinger
Mar 30 15:37:13 nixos xserver-wrapper[898]: (**) Option "AccelerationScheme" "none"
Mar 30 15:37:13 nixos xserver-wrapper[898]: (**) BY Tech Gaming Keyboard Mouse: (accel) selected scheme none/0
Mar 30 15:37:13 nixos xserver-wrapper[898]: (**) BY Tech Gaming Keyboard Mouse: (accel) acceleration factor: 2.000
Mar 30 15:37:13 nixos xserver-wrapper[898]: (**) BY Tech Gaming Keyboard Mouse: (accel) acceleration threshold: 4
Mar 30 15:37:13 nixos xserver-wrapper[898]: (II) event20 - BY Tech Gaming Keyboard Mouse: is tagged by udev as: Mouse
Mar 30 15:37:13 nixos xserver-wrapper[898]: (II) event20 - BY Tech Gaming Keyboard Mouse: device is a pointer
Mar 30 15:37:13 nixos xserver-wrapper[898]: (EE) libinput: BY Tech Gaming Keyboard Mouse: Failed to set scroll to twofinger
Mar 30 15:37:13 nixos xserver-wrapper[898]: (II) config/udev: Adding input device BY Tech Gaming Keyboard System Control (/dev/input/event17)
Mar 30 15:37:13 nixos xserver-wrapper[898]: (**) BY Tech Gaming Keyboard System Control: Applying InputClass "Keyboard catchall"
Mar 30 15:37:13 nixos xserver-wrapper[898]: (**) BY Tech Gaming Keyboard System Control: Applying InputClass "evdev keyboard catchall"
Mar 30 15:37:13 nixos xserver-wrapper[898]: (**) BY Tech Gaming Keyboard System Control: Applying InputClass "libinput keyboard catchall"
Mar 30 15:37:13 nixos xserver-wrapper[898]: (II) Using input driver 'libinput' for 'BY Tech Gaming Keyboard System Control'
Mar 30 15:37:13 nixos xserver-wrapper[898]: (**) BY Tech Gaming Keyboard System Control: always reports core events
Mar 30 15:37:13 nixos xserver-wrapper[898]: (**) Option "Device" "/dev/input/event17"
Mar 30 15:37:13 nixos xserver-wrapper[898]: (II) event17 - BY Tech Gaming Keyboard System Control: is tagged by udev as: Keyboard
Mar 30 15:37:13 nixos xserver-wrapper[898]: (II) event17 - BY Tech Gaming Keyboard System Control: device is a keyboard
Mar 30 15:37:13 nixos xserver-wrapper[898]: (II) event17 - BY Tech Gaming Keyboard System Control: device removed
Mar 30 15:37:13 nixos xserver-wrapper[898]: (**) Option "config_info" "udev:/sys/devices/pci0000:00/0000:00:14.0/usb2/2-2/2-2.2/2-2.2:1.1/0003:258A:010C.0002/input/input19/event17"
Mar 30 15:37:13 nixos xserver-wrapper[898]: (II) XINPUT: Adding extended input device "BY Tech Gaming Keyboard System Control" (type: KEYBOARD, id 16)
Mar 30 15:37:13 nixos xserver-wrapper[898]: (**) Option "xkb_model" "pc104"
Mar 30 15:37:13 nixos xserver-wrapper[898]: (**) Option "xkb_layout" "us"
Mar 30 15:37:13 nixos xserver-wrapper[898]: (WW) Option "xkb_variant" requires a string value
Mar 30 15:37:13 nixos xserver-wrapper[898]: (**) Option "xkb_options" "terminate:ctrl_alt_bksp"
Mar 30 15:37:13 nixos xserver-wrapper[898]: (II) event17 - BY Tech Gaming Keyboard System Control: is tagged by udev as: Keyboard
Mar 30 15:37:13 nixos xserver-wrapper[898]: (II) event17 - BY Tech Gaming Keyboard System Control: device is a keyboard
Mar 30 15:37:13 nixos xserver-wrapper[898]: (II) config/udev: Adding input device BY Tech Gaming Keyboard (/dev/input/event19)
Mar 30 15:37:13 nixos xserver-wrapper[898]: (**) BY Tech Gaming Keyboard: Applying InputClass "Keyboard catchall"
Mar 30 15:37:13 nixos xserver-wrapper[898]: (**) BY Tech Gaming Keyboard: Applying InputClass "evdev keyboard catchall"
Mar 30 15:37:13 nixos xserver-wrapper[898]: (**) BY Tech Gaming Keyboard: Applying InputClass "libinput keyboard catchall"
Mar 30 15:37:13 nixos xserver-wrapper[898]: (II) Using input driver 'libinput' for 'BY Tech Gaming Keyboard'
Mar 30 15:37:13 nixos xserver-wrapper[898]: (**) BY Tech Gaming Keyboard: always reports core events
Mar 30 15:37:13 nixos xserver-wrapper[898]: (**) Option "Device" "/dev/input/event19"
Mar 30 15:37:13 nixos xserver-wrapper[898]: (II) event19 - BY Tech Gaming Keyboard: is tagged by udev as: Keyboard
Mar 30 15:37:13 nixos xserver-wrapper[898]: (II) event19 - BY Tech Gaming Keyboard: device is a keyboard
Mar 30 15:37:13 nixos xserver-wrapper[898]: (II) event19 - BY Tech Gaming Keyboard: device removed
Mar 30 15:37:13 nixos xserver-wrapper[898]: (**) Option "config_info" "udev:/sys/devices/pci0000:00/0000:00:14.0/usb2/2-2/2-2.2/2-2.2:1.1/0003:258A:010C.0002/input/input22/event19"
Mar 30 15:37:13 nixos xserver-wrapper[898]: (II) XINPUT: Adding extended input device "BY Tech Gaming Keyboard" (type: KEYBOARD, id 17)
Mar 30 15:37:13 nixos xserver-wrapper[898]: (**) Option "xkb_model" "pc104"
Mar 30 15:37:13 nixos xserver-wrapper[898]: (**) Option "xkb_layout" "us"
Mar 30 15:37:13 nixos xserver-wrapper[898]: (WW) Option "xkb_variant" requires a string value
Mar 30 15:37:13 nixos xserver-wrapper[898]: (**) Option "xkb_options" "terminate:ctrl_alt_bksp"
Mar 30 15:37:13 nixos xserver-wrapper[898]: (II) event19 - BY Tech Gaming Keyboard: is tagged by udev as: Keyboard
Mar 30 15:37:13 nixos xserver-wrapper[898]: (II) event19 - BY Tech Gaming Keyboard: device is a keyboard
Mar 30 15:37:13 nixos xserver-wrapper[898]: (II) config/udev: Adding input device E-Signal EKSA Gaming Mouse Keyboard (/dev/input/event22)
Mar 30 15:37:13 nixos xserver-wrapper[898]: (**) E-Signal EKSA Gaming Mouse Keyboard: Applying InputClass "Keyboard catchall"
Mar 30 15:37:13 nixos xserver-wrapper[898]: (**) E-Signal EKSA Gaming Mouse Keyboard: Applying InputClass "evdev keyboard catchall"
Mar 30 15:37:13 nixos xserver-wrapper[898]: (**) E-Signal EKSA Gaming Mouse Keyboard: Applying InputClass "libinput keyboard catchall"
Mar 30 15:37:13 nixos xserver-wrapper[898]: (II) Using input driver 'libinput' for 'E-Signal EKSA Gaming Mouse Keyboard'
Mar 30 15:37:13 nixos xserver-wrapper[898]: (**) E-Signal EKSA Gaming Mouse Keyboard: always reports core events
Mar 30 15:37:13 nixos xserver-wrapper[898]: (**) Option "Device" "/dev/input/event22"
Mar 30 15:37:13 nixos xserver-wrapper[898]: (II) event22 - E-Signal EKSA Gaming Mouse Keyboard: is tagged by udev as: Keyboard
Mar 30 15:37:13 nixos xserver-wrapper[898]: (II) event22 - E-Signal EKSA Gaming Mouse Keyboard: device is a keyboard
Mar 30 15:37:13 nixos xserver-wrapper[898]: (II) event22 - E-Signal EKSA Gaming Mouse Keyboard: device removed
Mar 30 15:37:13 nixos xserver-wrapper[898]: (II) libinput: E-Signal EKSA Gaming Mouse Keyboard: needs a virtual subdevice
Mar 30 15:37:13 nixos xserver-wrapper[898]: (**) Option "config_info" "udev:/sys/devices/pci0000:00/0000:00:14.0/usb2/2-2/2-2.3/2-2.3:1.1/0003:04D9:A09F.0004/input/input25/event22"
Mar 30 15:37:13 nixos xserver-wrapper[898]: (II) XINPUT: Adding extended input device "E-Signal EKSA Gaming Mouse Keyboard" (type: MOUSE, id 18)
Mar 30 15:37:13 nixos xserver-wrapper[898]: (**) Option "AccelerationScheme" "none"
Mar 30 15:37:13 nixos xserver-wrapper[898]: (**) E-Signal EKSA Gaming Mouse Keyboard: (accel) selected scheme none/0
Mar 30 15:37:13 nixos xserver-wrapper[898]: (**) E-Signal EKSA Gaming Mouse Keyboard: (accel) acceleration factor: 2.000
Mar 30 15:37:13 nixos xserver-wrapper[898]: (**) E-Signal EKSA Gaming Mouse Keyboard: (accel) acceleration threshold: 4
Mar 30 15:37:13 nixos xserver-wrapper[898]: (II) event22 - E-Signal EKSA Gaming Mouse Keyboard: is tagged by udev as: Keyboard
Mar 30 15:37:13 nixos xserver-wrapper[898]: (II) event22 - E-Signal EKSA Gaming Mouse Keyboard: device is a keyboard
Mar 30 15:37:13 nixos xserver-wrapper[898]: (**) E-Signal EKSA Gaming Mouse Keyboard: Applying InputClass "Keyboard catchall"
Mar 30 15:37:13 nixos xserver-wrapper[898]: (**) E-Signal EKSA Gaming Mouse Keyboard: Applying InputClass "evdev keyboard catchall"
Mar 30 15:37:13 nixos xserver-wrapper[898]: (**) E-Signal EKSA Gaming Mouse Keyboard: Applying InputClass "libinput keyboard catchall"
Mar 30 15:37:13 nixos xserver-wrapper[898]: (II) Using input driver 'libinput' for 'E-Signal EKSA Gaming Mouse Keyboard'
Mar 30 15:37:13 nixos xserver-wrapper[898]: (**) E-Signal EKSA Gaming Mouse Keyboard: always reports core events
Mar 30 15:37:13 nixos xserver-wrapper[898]: (**) Option "Device" "/dev/input/event22"
Mar 30 15:37:13 nixos xserver-wrapper[898]: (II) libinput: E-Signal EKSA Gaming Mouse Keyboard: is a virtual subdevice
Mar 30 15:37:13 nixos xserver-wrapper[898]: (**) Option "config_info" "udev:/sys/devices/pci0000:00/0000:00:14.0/usb2/2-2/2-2.3/2-2.3:1.1/0003:04D9:A09F.0004/input/input25/event22"
Mar 30 15:37:13 nixos xserver-wrapper[898]: (II) XINPUT: Adding extended input device "E-Signal EKSA Gaming Mouse Keyboard" (type: KEYBOARD, id 19)
Mar 30 15:37:13 nixos xserver-wrapper[898]: (**) Option "xkb_model" "pc104"
Mar 30 15:37:13 nixos xserver-wrapper[898]: (**) Option "xkb_layout" "us"
Mar 30 15:37:13 nixos xserver-wrapper[898]: (WW) Option "xkb_variant" requires a string value
Mar 30 15:37:13 nixos xserver-wrapper[898]: (**) Option "xkb_options" "terminate:ctrl_alt_bksp"
Mar 30 15:37:13 nixos xserver-wrapper[898]: (II) config/udev: Adding input device E-Signal EKSA Gaming Mouse (/dev/input/event23)
Mar 30 15:37:13 nixos xserver-wrapper[898]: (II) No input driver specified, ignoring this device.
Mar 30 15:37:13 nixos xserver-wrapper[898]: (II) This device may have been added with another device file.
Mar 30 15:37:13 nixos xserver-wrapper[898]: (II) config/udev: Adding input device BY Tech Gaming Keyboard (/dev/input/event16)
Mar 30 15:37:13 nixos xserver-wrapper[898]: (**) BY Tech Gaming Keyboard: Applying InputClass "Keyboard catchall"
Mar 30 15:37:13 nixos xserver-wrapper[898]: (**) BY Tech Gaming Keyboard: Applying InputClass "evdev keyboard catchall"
Mar 30 15:37:13 nixos xserver-wrapper[898]: (**) BY Tech Gaming Keyboard: Applying InputClass "libinput keyboard catchall"
Mar 30 15:37:13 nixos xserver-wrapper[898]: (II) Using input driver 'libinput' for 'BY Tech Gaming Keyboard'
Mar 30 15:37:13 nixos xserver-wrapper[898]: (**) BY Tech Gaming Keyboard: always reports core events
Mar 30 15:37:13 nixos xserver-wrapper[898]: (**) Option "Device" "/dev/input/event16"
Mar 30 15:37:13 nixos xserver-wrapper[898]: (II) event16 - BY Tech Gaming Keyboard: is tagged by udev as: Keyboard
Mar 30 15:37:13 nixos xserver-wrapper[898]: (II) event16 - BY Tech Gaming Keyboard: device is a keyboard
Mar 30 15:37:13 nixos xserver-wrapper[898]: (II) event16 - BY Tech Gaming Keyboard: device removed
Mar 30 15:37:13 nixos xserver-wrapper[898]: (**) Option "config_info" "udev:/sys/devices/pci0000:00/0000:00:14.0/usb2/2-2/2-2.2/2-2.2:1.0/0003:258A:010C.0001/input/input18/event16"
Mar 30 15:37:13 nixos xserver-wrapper[898]: (II) XINPUT: Adding extended input device "BY Tech Gaming Keyboard" (type: KEYBOARD, id 20)
Mar 30 15:37:13 nixos xserver-wrapper[898]: (**) Option "xkb_model" "pc104"
Mar 30 15:37:13 nixos xserver-wrapper[898]: (**) Option "xkb_layout" "us"
Mar 30 15:37:13 nixos xserver-wrapper[898]: (WW) Option "xkb_variant" requires a string value
Mar 30 15:37:13 nixos xserver-wrapper[898]: (**) Option "xkb_options" "terminate:ctrl_alt_bksp"
Mar 30 15:37:13 nixos xserver-wrapper[898]: (II) event16 - BY Tech Gaming Keyboard: is tagged by udev as: Keyboard
Mar 30 15:37:13 nixos xserver-wrapper[898]: (II) event16 - BY Tech Gaming Keyboard: device is a keyboard
Mar 30 15:37:13 nixos xserver-wrapper[898]: (II) config/udev: Adding input device E-Signal EKSA Gaming Mouse (/dev/input/event21)
Mar 30 15:37:13 nixos xserver-wrapper[898]: (**) E-Signal EKSA Gaming Mouse: Applying InputClass "evdev pointer catchall"
Mar 30 15:37:13 nixos xserver-wrapper[898]: (**) E-Signal EKSA Gaming Mouse: Applying InputClass "libinput pointer catchall"
Mar 30 15:37:13 nixos xserver-wrapper[898]: (**) E-Signal EKSA Gaming Mouse: Applying InputClass "libinput mouse configuration"
Mar 30 15:37:13 nixos xserver-wrapper[898]: (II) Using input driver 'libinput' for 'E-Signal EKSA Gaming Mouse'
Mar 30 15:37:13 nixos xserver-wrapper[898]: (**) E-Signal EKSA Gaming Mouse: always reports core events
Mar 30 15:37:13 nixos xserver-wrapper[898]: (**) Option "Device" "/dev/input/event21"
Mar 30 15:37:13 nixos xserver-wrapper[898]: (II) event21 - E-Signal EKSA Gaming Mouse: is tagged by udev as: Mouse
Mar 30 15:37:13 nixos xserver-wrapper[898]: (II) event21 - E-Signal EKSA Gaming Mouse: device is a pointer
Mar 30 15:37:13 nixos xserver-wrapper[898]: (II) event21 - E-Signal EKSA Gaming Mouse: device removed
Mar 30 15:37:13 nixos xserver-wrapper[898]: (**) Option "AccelProfile" "adaptive"
Mar 30 15:37:13 nixos xserver-wrapper[898]: (II) libinput: E-Signal EKSA Gaming Mouse: Step value 0 was provided, libinput Fallback acceleration function is used.
Mar 30 15:37:13 nixos xserver-wrapper[898]: (II) libinput: E-Signal EKSA Gaming Mouse: Step value 0 was provided, libinput Fallback acceleration function is used.
Mar 30 15:37:13 nixos xserver-wrapper[898]: (II) libinput: E-Signal EKSA Gaming Mouse: Step value 0 was provided, libinput Fallback acceleration function is used.
Mar 30 15:37:13 nixos xserver-wrapper[898]: (**) Option "NaturalScrolling" "off"
Mar 30 15:37:13 nixos xserver-wrapper[898]: (**) Option "SendEventsMode" "enabled"
Mar 30 15:37:13 nixos xserver-wrapper[898]: (**) Option "LeftHanded" "off"
Mar 30 15:37:13 nixos xserver-wrapper[898]: (**) Option "ScrollMethod" "twofinger"
Mar 30 15:37:13 nixos xserver-wrapper[898]: (**) Option "MiddleEmulation" "on"
Mar 30 15:37:13 nixos xserver-wrapper[898]: (**) Option "HorizontalScrolling" "on"
Mar 30 15:37:13 nixos xserver-wrapper[898]: (**) Option "config_info" "udev:/sys/devices/pci0000:00/0000:00:14.0/usb2/2-2/2-2.3/2-2.3:1.0/0003:04D9:A09F.0003/input/input24/event21"
Mar 30 15:37:13 nixos xserver-wrapper[898]: (II) XINPUT: Adding extended input device "E-Signal EKSA Gaming Mouse" (type: MOUSE, id 21)
Mar 30 15:37:13 nixos xserver-wrapper[898]: (EE) libinput: E-Signal EKSA Gaming Mouse: Failed to set scroll to twofinger
Mar 30 15:37:13 nixos xserver-wrapper[898]: (**) Option "AccelerationScheme" "none"
Mar 30 15:37:13 nixos xserver-wrapper[898]: (**) E-Signal EKSA Gaming Mouse: (accel) selected scheme none/0
Mar 30 15:37:13 nixos xserver-wrapper[898]: (**) E-Signal EKSA Gaming Mouse: (accel) acceleration factor: 2.000
Mar 30 15:37:13 nixos xserver-wrapper[898]: (**) E-Signal EKSA Gaming Mouse: (accel) acceleration threshold: 4
Mar 30 15:37:13 nixos xserver-wrapper[898]: (II) event21 - E-Signal EKSA Gaming Mouse: is tagged by udev as: Mouse
Mar 30 15:37:13 nixos xserver-wrapper[898]: (II) event21 - E-Signal EKSA Gaming Mouse: device is a pointer
Mar 30 15:37:13 nixos xserver-wrapper[898]: (EE) libinput: E-Signal EKSA Gaming Mouse: Failed to set scroll to twofinger
Mar 30 15:37:32 nixos sddm[896]: Message received from greeter: Login
Mar 30 15:37:32 nixos sddm[896]: Reading from "/nix/store/9rpxsr66ilrx7d1f0ijhp36k1ldqfh78-desktops/share/xsessions/none+i3.desktop"
Mar 30 15:37:32 nixos sddm[896]: Session "/nix/store/9rpxsr66ilrx7d1f0ijhp36k1ldqfh78-desktops/share/xsessions/none+i3.desktop" selected, command: "/nix/store/acaxbx7bqxjqlinyv7plaxlrl0f9r1pd-xsession" for VT 2
Mar 30 15:37:32 nixos sddm-helper[985]: [PAM] Starting...
Mar 30 15:37:32 nixos sddm-helper[985]: [PAM] Authenticating...
Mar 30 15:37:32 nixos sddm-helper[985]: [PAM] Preparing to converse...
Mar 30 15:37:32 nixos sddm-helper[985]: [PAM] Conversation with 1 messages
Mar 30 15:37:32 nixos sddm-helper[985]: [PAM] returning.
Mar 30 15:37:32 nixos sddm[896]: Authentication for user  "cleaver"  successful
Mar 30 15:37:32 nixos sddm-helper[985]: pam_unix(sddm:session): session opened for user cleaver(uid=1000) by (uid=0)
Mar 30 15:37:32 nixos sddm[896]: Auth: sddm-helper exited successfully
Mar 30 15:37:32 nixos sddm[896]: Greeter stopped. SDDM::Auth::HELPER_SUCCESS
Mar 30 15:37:32 nixos xserver-wrapper[898]: (II) modeset(0): EDID vendor "AUO", prod id 11580
Mar 30 15:37:32 nixos xserver-wrapper[898]: (II) modeset(0): Printing DDC gathered Modelines:
Mar 30 15:37:32 nixos xserver-wrapper[898]: (II) modeset(0): Modeline "1366x768"x0.0   76.60  1366 1404 1426 1598  768 771 777 798 -hsync -vsync (47.9 kHz eP)
Mar 30 15:37:32 nixos sddm-helper[985]: Writing cookie to "/tmp/xauth_xAgtGi"
Mar 30 15:37:32 nixos sddm-helper[985]: Starting X11 session: "" "/nix/store/bd0398c14cpfg0hcdab54wiszc1d1f4g-xsession-wrapper \"/nix/store/acaxbx7bqxjqlinyv7plaxlrl0f9r1pd-xsession\""
Mar 30 15:37:32 nixos sddm[896]: Session started true
Mar 30 17:55:18 nixos xserver-wrapper[898]: (II) event21 - E-Signal EKSA Gaming Mouse: SYN_DROPPED event - some input events have been lost.
Mar 30 17:55:18 nixos xserver-wrapper[898]: (II) event21 - E-Signal EKSA Gaming Mouse: SYN_DROPPED event - some input events have been lost.
Mar 30 19:53:36 nixos xserver-wrapper[898]: (EE) event21 - E-Signal EKSA Gaming Mouse: client bug: event processing lagging behind by 21ms, your system is too slow
Mar 30 20:16:21 nixos xserver-wrapper[898]: (EE) event21 - E-Signal EKSA Gaming Mouse: client bug: event processing lagging behind by 26ms, your system is too slow
Mar 30 22:32:14 nixos xserver-wrapper[898]: (II) event21 - E-Signal EKSA Gaming Mouse: SYN_DROPPED event - some input events have been lost.
Mar 30 22:50:33 nixos xserver-wrapper[898]: (EE) event21 - E-Signal EKSA Gaming Mouse: client bug: event processing lagging behind by 21ms, your system is too slow
Mar 30 23:36:08 nixos xserver-wrapper[898]: (II) event21 - E-Signal EKSA Gaming Mouse: SYN_DROPPED event - some input events have been lost.
Mar 30 23:36:08 nixos xserver-wrapper[898]: (II) event21 - E-Signal EKSA Gaming Mouse: SYN_DROPPED event - some input events have been lost.
Mar 30 23:41:42 nixos xserver-wrapper[898]: (EE) event21 - E-Signal EKSA Gaming Mouse: client bug: event processing lagging behind by 22ms, your system is too slow
Mar 31 23:00:35 nixos xserver-wrapper[898]: (II) event21 - E-Signal EKSA Gaming Mouse: SYN_DROPPED event - some input events have been lost.
Mar 31 23:00:36 nixos xserver-wrapper[898]: (II) event21 - E-Signal EKSA Gaming Mouse: SYN_DROPPED event - some input events have been lost.
